0 verbose cli C:\Program Files\nodejs\node.exe C:\Program Files\nodejs\node_modules\npm\bin\npm-cli.js
1 info using npm@11.6.2
2 info using node@v24.12.0
3 silly config load:file:C:\Program Files\nodejs\node_modules\npm\npmrc
4 silly config load:file:C:\Users\yokes\Desktop\TransitX\TransitX\TransitX\.npmrc
5 silly config load:file:C:\Users\yokes\.npmrc
6 silly config load:file:C:\Users\yokes\AppData\Roaming\npm\etc\npmrc
7 verbose title npm install
8 verbose argv "install"
9 verbose logfile logs-max:10 dir:C:\Users\yokes\Desktop\TransitX\TransitX\clean\_logs\2026-07-12T04_35_38_330Z-
10 verbose logfile C:\Users\yokes\Desktop\TransitX\TransitX\clean\_logs\2026-07-12T04_35_38_330Z-debug-0.log
11 silly logfile done cleaning log files
12 silly packumentCache heap:4496293888 maxSize:1124073472 maxEntrySize:562036736
13 silly idealTree buildDeps
14 silly fetch manifest react@^19.2.7
15 silly packumentCache full:https://registry.npmjs.org/react cache-miss
16 http fetch GET 200 https://registry.npmjs.org/react 655ms (cache miss)
17 silly packumentCache full:https://registry.npmjs.org/react set size:undefined disposed:false
18 silly fetch manifest react-dom@^19.2.7
19 silly packumentCache full:https://registry.npmjs.org/react-dom cache-miss
20 http fetch GET 200 https://registry.npmjs.org/react-dom 416ms (cache miss)
21 silly packumentCache full:https://registry.npmjs.org/react-dom set size:undefined disposed:false
22 silly fetch manifest @types/react@^19.2.17
23 silly packumentCache full:https://registry.npmjs.org/@types%2freact cache-miss
24 http fetch GET 200 https://registry.npmjs.org/@types%2freact 198ms (cache miss)
25 silly packumentCache full:https://registry.npmjs.org/@types%2freact set size:undefined disposed:false
26 silly fetch manifest @types/react-dom@^19.2.3
27 silly packumentCache full:https://registry.npmjs.org/@types%2freact-dom cache-miss
28 http fetch GET 200 https://registry.npmjs.org/@types%2freact-dom 101ms (cache miss)
29 silly packumentCache full:https://registry.npmjs.org/@types%2freact-dom set size:undefined disposed:false
30 silly fetch manifest @vitejs/plugin-react@^6.0.3
31 silly packumentCache full:https://registry.npmjs.org/@vitejs%2fplugin-react cache-miss
32 http fetch GET 200 https://registry.npmjs.org/@vitejs%2fplugin-react 78ms (cache miss)
33 silly packumentCache full:https://registry.npmjs.org/@vitejs%2fplugin-react set size:undefined disposed:false
34 silly fetch manifest @rolldown/plugin-babel@^0.1.7 || ^0.2.0
35 silly packumentCache full:https://registry.npmjs.org/@rolldown%2fplugin-babel cache-miss
36 http fetch GET 200 https://registry.npmjs.org/@rolldown%2fplugin-babel 53ms (cache miss)
37 silly packumentCache full:https://registry.npmjs.org/@rolldown%2fplugin-babel set size:undefined disposed:false
38 silly fetch manifest @babel/core@^7.29.0 || ^8.0.0-rc.1
39 silly packumentCache full:https://registry.npmjs.org/@babel%2fcore cache-miss
40 http fetch GET 200 https://registry.npmjs.org/@babel%2fcore 110ms (cache miss)
41 silly packumentCache full:https://registry.npmjs.org/@babel%2fcore set size:undefined disposed:false
42 silly fetch manifest @babel/plugin-transform-runtime@^7.29.0 || ^8.0.0-rc.1
43 silly packumentCache full:https://registry.npmjs.org/@babel%2fplugin-transform-runtime cache-miss
44 http fetch GET 200 https://registry.npmjs.org/@babel%2fplugin-transform-runtime 115ms (cache miss)
45 silly packumentCache full:https://registry.npmjs.org/@babel%2fplugin-transform-runtime set size:undefined disposed:false
46 silly fetch manifest @babel/runtime@^7.27.0 || ^8.0.0-rc.1
47 silly packumentCache full:https://registry.npmjs.org/@babel%2fruntime cache-miss
48 http fetch GET 200 https://registry.npmjs.org/@babel%2fruntime 255ms (cache miss)
49 silly packumentCache full:https://registry.npmjs.org/@babel%2fruntime set size:undefined disposed:false
50 silly fetch manifest rolldown@^1.0.0-rc.5
51 silly packumentCache full:https://registry.npmjs.org/rolldown cache-miss
52 http fetch GET 200 https://registry.npmjs.org/rolldown 221ms (cache miss)
53 silly packumentCache full:https://registry.npmjs.org/rolldown set size:undefined disposed:false
54 silly fetch manifest vite@^8.1.1
55 silly packumentCache full:https://registry.npmjs.org/vite cache-miss
56 http fetch GET 200 https://registry.npmjs.org/vite 2233ms (cache miss)
57 silly packumentCache full:https://registry.npmjs.org/vite set size:undefined disposed:false
58 silly fetch manifest @types/node@^20.19.0 || >=22.12.0
59 silly packumentCache full:https://registry.npmjs.org/@types%2fnode cache-miss
60 http fetch GET 200 https://registry.npmjs.org/@types%2fnode 1011ms (cache miss)
61 silly packumentCache full:https://registry.npmjs.org/@types%2fnode set size:undefined disposed:false
62 silly fetch manifest @vitejs/devtools@^0.3.0
63 silly packumentCache full:https://registry.npmjs.org/@vitejs%2fdevtools cache-miss
64 http fetch GET 200 https://registry.npmjs.org/@vitejs%2fdevtools 116ms (cache miss)
65 silly packumentCache full:https://registry.npmjs.org/@vitejs%2fdevtools set size:undefined disposed:false
66 silly fetch manifest esbuild@^0.27.0 || ^0.28.0
67 silly packumentCache full:https://registry.npmjs.org/esbuild cache-miss
68 http fetch GET 200 https://registry.npmjs.org/esbuild 604ms (cache miss)
69 silly packumentCache full:https://registry.npmjs.org/esbuild set size:undefined disposed:false
70 silly fetch manifest jiti@>=1.21.0
71 silly packumentCache full:https://registry.npmjs.org/jiti cache-miss
72 http fetch GET 200 https://registry.npmjs.org/jiti 778ms (cache miss)
73 silly packumentCache full:https://registry.npmjs.org/jiti set size:undefined disposed:false
74 silly fetch manifest less@^4.0.0
75 silly packumentCache full:https://registry.npmjs.org/less cache-miss
76 http fetch GET 200 https://registry.npmjs.org/less 150ms (cache miss)
77 silly packumentCache full:https://registry.npmjs.org/less set size:undefined disposed:false
78 silly fetch manifest sass@^1.70.0
79 silly packumentCache full:https://registry.npmjs.org/sass cache-miss
80 http fetch GET 200 https://registry.npmjs.org/sass 425ms (cache miss)
81 silly packumentCache full:https://registry.npmjs.org/sass set size:undefined disposed:false
82 silly fetch manifest sass-embedded@^1.70.0
83 silly packumentCache full:https://registry.npmjs.org/sass-embedded cache-miss
84 http fetch GET 200 https://registry.npmjs.org/sass-embedded 107ms (cache miss)
85 silly packumentCache full:https://registry.npmjs.org/sass-embedded set size:undefined disposed:false
86 silly fetch manifest stylus@>=0.54.8
87 silly packumentCache full:https://registry.npmjs.org/stylus cache-miss
88 http fetch GET 200 https://registry.npmjs.org/stylus 423ms (cache miss)
89 silly packumentCache full:https://registry.npmjs.org/stylus set size:undefined disposed:false
90 silly fetch manifest sugarss@^5.0.0
91 silly packumentCache full:https://registry.npmjs.org/sugarss cache-miss
92 http fetch GET 200 https://registry.npmjs.org/sugarss 62ms (cache miss)
93 silly packumentCache full:https://registry.npmjs.org/sugarss set size:undefined disposed:false
94 silly fetch manifest postcss@^8.3.3
95 silly packumentCache full:https://registry.npmjs.org/postcss cache-miss
96 http fetch GET 200 https://registry.npmjs.org/postcss 174ms (cache miss)
97 silly packumentCache full:https://registry.npmjs.org/postcss set size:undefined disposed:false
98 silly fetch manifest terser@^5.16.0
99 silly packumentCache full:https://registry.npmjs.org/terser cache-miss
100 http fetch GET 200 https://registry.npmjs.org/terser 875ms (cache miss)
101 silly packumentCache full:https://registry.npmjs.org/terser set size:undefined disposed:false
102 silly fetch manifest tsx@^4.8.1
103 silly packumentCache full:https://registry.npmjs.org/tsx cache-miss
104 http fetch GET 200 https://registry.npmjs.org/tsx 356ms (cache miss)
105 silly packumentCache full:https://registry.npmjs.org/tsx set size:undefined disposed:false
106 silly fetch manifest yaml@^2.4.2
107 silly packumentCache full:https://registry.npmjs.org/yaml cache-miss
108 http fetch GET 200 https://registry.npmjs.org/yaml 134ms (cache miss)
109 silly packumentCache full:https://registry.npmjs.org/yaml set size:undefined disposed:false
110 silly fetch manifest babel-plugin-react-compiler@^1.0.0
111 silly packumentCache full:https://registry.npmjs.org/babel-plugin-react-compiler cache-miss
112 http fetch GET 200 https://registry.npmjs.org/babel-plugin-react-compiler 174ms (cache miss)
113 silly packumentCache full:https://registry.npmjs.org/babel-plugin-react-compiler set size:undefined disposed:false
114 silly fetch manifest oxlint@^1.71.0
115 silly packumentCache full:https://registry.npmjs.org/oxlint cache-miss
116 http fetch GET 200 https://registry.npmjs.org/oxlint 356ms (cache miss)
117 silly packumentCache full:https://registry.npmjs.org/oxlint set size:undefined disposed:false
118 silly fetch manifest oxlint-tsgolint@>=0.24.0
119 silly packumentCache full:https://registry.npmjs.org/oxlint-tsgolint cache-miss
120 http fetch GET 200 https://registry.npmjs.org/oxlint-tsgolint 423ms (cache miss)
121 silly packumentCache full:https://registry.npmjs.org/oxlint-tsgolint set size:undefined disposed:false
122 silly fetch manifest vite-plus@*
123 silly packumentCache full:https://registry.npmjs.org/vite-plus cache-miss
124 http fetch GET 200 https://registry.npmjs.org/vite-plus 120ms (cache miss)
125 silly packumentCache full:https://registry.npmjs.org/vite-plus set size:undefined disposed:false
126 silly fetch manifest @vitest/browser-playwright@4.1.10
127 silly packumentCache full:https://registry.npmjs.org/@vitest%2fbrowser-playwright cache-miss
128 http fetch GET 200 https://registry.npmjs.org/@vitest%2fbrowser-playwright 623ms (cache miss)
129 silly packumentCache full:https://registry.npmjs.org/@vitest%2fbrowser-playwright set size:undefined disposed:false
130 silly fetch manifest playwright@*
131 silly packumentCache full:https://registry.npmjs.org/playwright cache-miss
132 http fetch GET 200 https://registry.npmjs.org/playwright 4775ms (cache miss)
133 silly packumentCache full:https://registry.npmjs.org/playwright set size:undefined disposed:false
134 silly fetch manifest vitest@4.1.10
135 silly packumentCache full:https://registry.npmjs.org/vitest cache-miss
136 http fetch GET 200 https://registry.npmjs.org/vitest 878ms (cache miss)
137 silly packumentCache full:https://registry.npmjs.org/vitest set size:undefined disposed:false
138 silly fetch manifest @edge-runtime/vm@*
139 silly packumentCache full:https://registry.npmjs.org/@edge-runtime%2fvm cache-miss
140 http fetch GET 200 https://registry.npmjs.org/@edge-runtime%2fvm 453ms (cache miss)
141 silly packumentCache full:https://registry.npmjs.org/@edge-runtime%2fvm set size:undefined disposed:false
142 silly fetch manifest @opentelemetry/api@^1.9.0
143 silly packumentCache full:https://registry.npmjs.org/@opentelemetry%2fapi cache-miss
144 http fetch GET 200 https://registry.npmjs.org/@opentelemetry%2fapi 138ms (cache miss)
145 silly packumentCache full:https://registry.npmjs.org/@opentelemetry%2fapi set size:undefined disposed:false
146 silly fetch manifest @types/node@^20.0.0 || ^22.0.0 || >=24.0.0
147 silly packumentCache full:https://registry.npmjs.org/@types%2fnode cache-miss
148 http cache https://registry.npmjs.org/@types%2fnode 44ms (cache hit)
149 silly packumentCache full:https://registry.npmjs.org/@types%2fnode set size:11080817 disposed:false
150 silly fetch manifest @vitest/browser-preview@4.1.10
151 silly packumentCache full:https://registry.npmjs.org/@vitest%2fbrowser-preview cache-miss
152 http fetch GET 200 https://registry.npmjs.org/@vitest%2fbrowser-preview 118ms (cache miss)
153 silly packumentCache full:https://registry.npmjs.org/@vitest%2fbrowser-preview set size:undefined disposed:false
154 silly fetch manifest @vitest/browser-webdriverio@4.1.10
155 silly packumentCache full:https://registry.npmjs.org/@vitest%2fbrowser-webdriverio cache-miss
156 http fetch GET 200 https://registry.npmjs.org/@vitest%2fbrowser-webdriverio 350ms (cache miss)
157 silly packumentCache full:https://registry.npmjs.org/@vitest%2fbrowser-webdriverio set size:undefined disposed:false
158 silly fetch manifest webdriverio@*
159 silly packumentCache full:https://registry.npmjs.org/webdriverio cache-miss
160 http fetch GET 200 https://registry.npmjs.org/webdriverio 889ms (cache miss)
161 silly packumentCache full:https://registry.npmjs.org/webdriverio set size:undefined disposed:false
162 silly fetch manifest puppeteer-core@>=22.x || <=24.x
163 silly packumentCache full:https://registry.npmjs.org/puppeteer-core cache-miss
164 http fetch GET 200 https://registry.npmjs.org/puppeteer-core 393ms (cache miss)
165 silly packumentCache full:https://registry.npmjs.org/puppeteer-core set size:undefined disposed:false
166 silly fetch manifest @vitest/coverage-istanbul@4.1.10
167 silly packumentCache full:https://registry.npmjs.org/@vitest%2fcoverage-istanbul cache-miss
168 http fetch GET 200 https://registry.npmjs.org/@vitest%2fcoverage-istanbul 365ms (cache miss)
169 silly packumentCache full:https://registry.npmjs.org/@vitest%2fcoverage-istanbul set size:undefined disposed:false
170 silly fetch manifest @vitest/coverage-v8@4.1.10
171 silly packumentCache full:https://registry.npmjs.org/@vitest%2fcoverage-v8 cache-miss
172 http fetch GET 200 https://registry.npmjs.org/@vitest%2fcoverage-v8 134ms (cache miss)
173 silly packumentCache full:https://registry.npmjs.org/@vitest%2fcoverage-v8 set size:undefined disposed:false
174 silly fetch manifest @vitest/browser@4.1.10
175 silly packumentCache full:https://registry.npmjs.org/@vitest%2fbrowser cache-miss
176 http fetch GET 200 https://registry.npmjs.org/@vitest%2fbrowser 170ms (cache miss)
177 silly packumentCache full:https://registry.npmjs.org/@vitest%2fbrowser set size:undefined disposed:false
178 silly fetch manifest @vitest/ui@4.1.10
179 silly packumentCache full:https://registry.npmjs.org/@vitest%2fui cache-miss
180 http fetch GET 200 https://registry.npmjs.org/@vitest%2fui 374ms (cache miss)
181 silly packumentCache full:https://registry.npmjs.org/@vitest%2fui set size:undefined disposed:false
182 silly fetch manifest happy-dom@*
183 silly packumentCache full:https://registry.npmjs.org/happy-dom cache-miss
184 http fetch GET 200 https://registry.npmjs.org/happy-dom 415ms (cache miss)
185 silly packumentCache full:https://registry.npmjs.org/happy-dom set size:undefined disposed:false
186 silly fetch manifest jsdom@*
187 silly packumentCache full:https://registry.npmjs.org/jsdom cache-miss
188 http fetch GET 200 https://registry.npmjs.org/jsdom 209ms (cache miss)
189 silly packumentCache full:https://registry.npmjs.org/jsdom set size:undefined disposed:false
190 silly fetch manifest canvas@^3.0.0
191 silly packumentCache full:https://registry.npmjs.org/canvas cache-miss
192 http fetch GET 200 https://registry.npmjs.org/canvas 174ms (cache miss)
193 silly packumentCache full:https://registry.npmjs.org/canvas set size:undefined disposed:false
194 silly placeDep ROOT @types/react@19.2.17 OK for: transitx@0.0.0 want: ^19.2.17
195 silly placeDep ROOT @types/react-dom@19.2.3 OK for: transitx@0.0.0 want: ^19.2.3
196 silly placeDep ROOT @vitejs/plugin-react@6.0.3 OK for: transitx@0.0.0 want: ^6.0.3
197 silly placeDep ROOT vite@8.1.4 OK for: @vitejs/plugin-react@6.0.3 want: ^8.0.0
198 silly placeDep ROOT oxlint@1.73.0 OK for: transitx@0.0.0 want: ^1.71.0
199 silly placeDep ROOT react@19.2.7 OK for: transitx@0.0.0 want: ^19.2.7
200 silly placeDep ROOT react-dom@19.2.7 OK for: transitx@0.0.0 want: ^19.2.7
201 silly fetch manifest csstype@^3.2.2
202 silly packumentCache full:https://registry.npmjs.org/csstype cache-miss
203 silly fetch manifest @rolldown/pluginutils@^1.0.1
204 silly packumentCache full:https://registry.npmjs.org/@rolldown%2fpluginutils cache-miss
205 silly fetch manifest lightningcss@^1.32.0
206 silly packumentCache full:https://registry.npmjs.org/lightningcss cache-miss
207 silly fetch manifest picomatch@^4.0.5
208 silly packumentCache full:https://registry.npmjs.org/picomatch cache-miss
209 silly fetch manifest postcss@^8.5.16
210 silly packumentCache full:https://registry.npmjs.org/postcss cache-miss
211 silly fetch manifest rolldown@~1.1.4
212 silly packumentCache full:https://registry.npmjs.org/rolldown cache-miss
213 silly fetch manifest tinyglobby@^0.2.17
214 silly packumentCache full:https://registry.npmjs.org/tinyglobby cache-miss
215 silly fetch manifest fsevents@~2.3.3
216 silly packumentCache full:https://registry.npmjs.org/fsevents cache-miss
217 silly fetch manifest @oxlint/binding-darwin-arm64@1.73.0
218 silly packumentCache full:https://registry.npmjs.org/@oxlint%2fbinding-darwin-arm64 cache-miss
219 silly fetch manifest @oxlint/binding-android-arm64@1.73.0
220 silly packumentCache full:https://registry.npmjs.org/@oxlint%2fbinding-android-arm64 cache-miss
221 silly fetch manifest @oxlint/binding-win32-arm64-msvc@1.73.0
222 silly packumentCache full:https://registry.npmjs.org/@oxlint%2fbinding-win32-arm64-msvc cache-miss
223 silly fetch manifest @oxlint/binding-linux-arm64-gnu@1.73.0
224 silly packumentCache full:https://registry.npmjs.org/@oxlint%2fbinding-linux-arm64-gnu cache-miss
225 silly fetch manifest @oxlint/binding-linux-arm64-musl@1.73.0
226 silly packumentCache full:https://registry.npmjs.org/@oxlint%2fbinding-linux-arm64-musl cache-miss
227 silly fetch manifest @oxlint/binding-openharmony-arm64@1.73.0
228 silly packumentCache full:https://registry.npmjs.org/@oxlint%2fbinding-openharmony-arm64 cache-miss
229 silly fetch manifest @oxlint/binding-android-arm-eabi@1.73.0
230 silly packumentCache full:https://registry.npmjs.org/@oxlint%2fbinding-android-arm-eabi cache-miss
231 http cache https://registry.npmjs.org/postcss 51ms (cache hit)
232 silly packumentCache full:https://registry.npmjs.org/postcss set size:729928 disposed:false
233 silly fetch manifest @oxlint/binding-linux-arm-gnueabihf@1.73.0
234 silly packumentCache full:https://registry.npmjs.org/@oxlint%2fbinding-linux-arm-gnueabihf cache-miss
235 http cache https://registry.npmjs.org/rolldown 66ms (cache hit)
236 silly packumentCache full:https://registry.npmjs.org/rolldown set size:3755820 disposed:false
237 silly fetch manifest @oxlint/binding-linux-arm-musleabihf@1.73.0
238 silly packumentCache full:https://registry.npmjs.org/@oxlint%2fbinding-linux-arm-musleabihf cache-miss
239 http fetch GET 200 https://registry.npmjs.org/csstype 163ms (cache miss)
240 silly packumentCache full:https://registry.npmjs.org/csstype set size:undefined disposed:false
241 silly fetch manifest @oxlint/binding-win32-ia32-msvc@1.73.0
242 silly packumentCache full:https://registry.npmjs.org/@oxlint%2fbinding-win32-ia32-msvc cache-miss
243 http fetch GET 200 https://registry.npmjs.org/lightningcss 204ms (cache miss)
244 silly packumentCache full:https://registry.npmjs.org/lightningcss set size:undefined disposed:false
245 silly fetch manifest @oxlint/binding-linux-ppc64-gnu@1.73.0
246 silly packumentCache full:https://registry.npmjs.org/@oxlint%2fbinding-linux-ppc64-gnu cache-miss
247 http fetch GET 200 https://registry.npmjs.org/tinyglobby 211ms (cache miss)
248 silly packumentCache full:https://registry.npmjs.org/tinyglobby set size:undefined disposed:false
249 silly fetch manifest @oxlint/binding-linux-riscv64-gnu@1.73.0
250 silly packumentCache full:https://registry.npmjs.org/@oxlint%2fbinding-linux-riscv64-gnu cache-miss
251 http fetch GET 200 https://registry.npmjs.org/@oxlint%2fbinding-darwin-arm64 225ms (cache miss)
252 silly packumentCache full:https://registry.npmjs.org/@oxlint%2fbinding-darwin-arm64 set size:undefined disposed:false
253 silly fetch manifest @oxlint/binding-linux-riscv64-musl@1.73.0
254 silly packumentCache full:https://registry.npmjs.org/@oxlint%2fbinding-linux-riscv64-musl cache-miss
255 http fetch GET 200 https://registry.npmjs.org/picomatch 235ms (cache miss)
256 silly packumentCache full:https://registry.npmjs.org/picomatch set size:undefined disposed:false
257 silly fetch manifest @oxlint/binding-linux-s390x-gnu@1.73.0
258 silly packumentCache full:https://registry.npmjs.org/@oxlint%2fbinding-linux-s390x-gnu cache-miss
259 http fetch GET 200 https://registry.npmjs.org/@rolldown%2fpluginutils 242ms (cache miss)
260 silly packumentCache full:https://registry.npmjs.org/@rolldown%2fpluginutils set size:undefined disposed:false
261 silly fetch manifest @oxlint/binding-darwin-x64@1.73.0
262 silly packumentCache full:https://registry.npmjs.org/@oxlint%2fbinding-darwin-x64 cache-miss
263 http fetch GET 200 https://registry.npmjs.org/@oxlint%2fbinding-win32-ia32-msvc 80ms (cache miss)
264 silly packumentCache full:https://registry.npmjs.org/@oxlint%2fbinding-win32-ia32-msvc set size:undefined disposed:false
265 silly fetch manifest @oxlint/binding-win32-x64-msvc@1.73.0
266 silly packumentCache full:https://registry.npmjs.org/@oxlint%2fbinding-win32-x64-msvc cache-miss
267 http fetch GET 200 https://registry.npmjs.org/@oxlint%2fbinding-linux-arm64-gnu 244ms (cache miss)
268 silly packumentCache full:https://registry.npmjs.org/@oxlint%2fbinding-linux-arm64-gnu set size:undefined disposed:false
269 silly fetch manifest @oxlint/binding-freebsd-x64@1.73.0
270 silly packumentCache full:https://registry.npmjs.org/@oxlint%2fbinding-freebsd-x64 cache-miss
271 http fetch GET 200 https://registry.npmjs.org/fsevents 250ms (cache miss)
272 silly packumentCache full:https://registry.npmjs.org/fsevents set size:undefined disposed:false
273 silly fetch manifest @oxlint/binding-linux-x64-gnu@1.73.0
274 silly packumentCache full:https://registry.npmjs.org/@oxlint%2fbinding-linux-x64-gnu cache-miss
275 http fetch GET 200 https://registry.npmjs.org/@oxlint%2fbinding-linux-ppc64-gnu 83ms (cache miss)
276 silly packumentCache full:https://registry.npmjs.org/@oxlint%2fbinding-linux-ppc64-gnu set size:undefined disposed:false
277 silly fetch manifest @oxlint/binding-linux-x64-musl@1.73.0
278 silly packumentCache full:https://registry.npmjs.org/@oxlint%2fbinding-linux-x64-musl cache-miss
279 http fetch GET 200 https://registry.npmjs.org/@oxlint%2fbinding-linux-riscv64-musl 65ms (cache miss)
280 silly packumentCache full:https://registry.npmjs.org/@oxlint%2fbinding-linux-riscv64-musl set size:undefined disposed:false
281 silly fetch manifest scheduler@^0.27.0
282 silly packumentCache full:https://registry.npmjs.org/scheduler cache-miss
283 http fetch GET 200 https://registry.npmjs.org/@oxlint%2fbinding-linux-s390x-gnu 62ms (cache miss)
284 silly packumentCache full:https://registry.npmjs.org/@oxlint%2fbinding-linux-s390x-gnu set size:undefined disposed:false
285 http fetch GET 200 https://registry.npmjs.org/@oxlint%2fbinding-darwin-x64 82ms (cache miss)
286 silly packumentCache full:https://registry.npmjs.org/@oxlint%2fbinding-darwin-x64 set size:undefined disposed:false
287 http fetch GET 200 https://registry.npmjs.org/@oxlint%2fbinding-linux-x64-musl 54ms (cache miss)
288 silly packumentCache full:https://registry.npmjs.org/@oxlint%2fbinding-linux-x64-musl set size:undefined disposed:false
289 http fetch GET 200 https://registry.npmjs.org/@oxlint%2fbinding-android-arm64 409ms (cache miss)
290 silly packumentCache full:https://registry.npmjs.org/@oxlint%2fbinding-android-arm64 set size:undefined disposed:false
291 http fetch GET 200 https://registry.npmjs.org/@oxlint%2fbinding-win32-arm64-msvc 411ms (cache miss)
292 silly packumentCache full:https://registry.npmjs.org/@oxlint%2fbinding-win32-arm64-msvc set size:undefined disposed:false
293 http fetch GET 200 https://registry.npmjs.org/@oxlint%2fbinding-linux-riscv64-gnu 332ms (cache miss)
294 silly packumentCache full:https://registry.npmjs.org/@oxlint%2fbinding-linux-riscv64-gnu set size:undefined disposed:false
295 http fetch GET 200 https://registry.npmjs.org/@oxlint%2fbinding-android-arm-eabi 653ms (cache miss)
296 silly packumentCache full:https://registry.npmjs.org/@oxlint%2fbinding-android-arm-eabi set size:undefined disposed:false
297 http fetch GET 200 https://registry.npmjs.org/@oxlint%2fbinding-linux-arm64-musl 656ms (cache miss)
298 silly packumentCache full:https://registry.npmjs.org/@oxlint%2fbinding-linux-arm64-musl set size:undefined disposed:false
299 http fetch GET 200 https://registry.npmjs.org/@oxlint%2fbinding-openharmony-arm64 658ms (cache miss)
300 silly packumentCache full:https://registry.npmjs.org/@oxlint%2fbinding-openharmony-arm64 set size:undefined disposed:false
301 http fetch GET 200 https://registry.npmjs.org/scheduler 371ms (cache miss)
302 silly packumentCache full:https://registry.npmjs.org/scheduler set size:undefined disposed:false
303 http fetch GET 200 https://registry.npmjs.org/@oxlint%2fbinding-win32-x64-msvc 474ms (cache miss)
304 silly packumentCache full:https://registry.npmjs.org/@oxlint%2fbinding-win32-x64-msvc set size:undefined disposed:false
305 http fetch GET 200 https://registry.npmjs.org/@oxlint%2fbinding-freebsd-x64 472ms (cache miss)
306 silly packumentCache full:https://registry.npmjs.org/@oxlint%2fbinding-freebsd-x64 set size:undefined disposed:false
307 http fetch GET 200 https://registry.npmjs.org/@oxlint%2fbinding-linux-x64-gnu 470ms (cache miss)
308 silly packumentCache full:https://registry.npmjs.org/@oxlint%2fbinding-linux-x64-gnu set size:undefined disposed:false
309 http fetch GET 200 https://registry.npmjs.org/@oxlint%2fbinding-linux-arm-musleabihf 636ms (cache miss)
310 silly packumentCache full:https://registry.npmjs.org/@oxlint%2fbinding-linux-arm-musleabihf set size:undefined disposed:false
311 http fetch GET 200 https://registry.npmjs.org/@oxlint%2fbinding-linux-arm-gnueabihf 905ms (cache miss)
312 silly packumentCache full:https://registry.npmjs.org/@oxlint%2fbinding-linux-arm-gnueabihf set size:undefined disposed:false
313 silly placeDep ROOT csstype@3.2.3 OK for: @types/react@19.2.17 want: ^3.2.2
314 silly placeDep ROOT @rolldown/pluginutils@1.0.1 OK for: @vitejs/plugin-react@6.0.3 want: ^1.0.1
315 silly placeDep ROOT @oxlint/binding-android-arm-eabi@1.73.0 OK for: oxlint@1.73.0 want: 1.73.0
316 silly placeDep ROOT @oxlint/binding-android-arm64@1.73.0 OK for: oxlint@1.73.0 want: 1.73.0
317 silly placeDep ROOT @oxlint/binding-darwin-arm64@1.73.0 OK for: oxlint@1.73.0 want: 1.73.0
318 silly placeDep ROOT @oxlint/binding-darwin-x64@1.73.0 OK for: oxlint@1.73.0 want: 1.73.0
319 silly placeDep ROOT @oxlint/binding-freebsd-x64@1.73.0 OK for: oxlint@1.73.0 want: 1.73.0
320 silly placeDep ROOT @oxlint/binding-linux-arm-gnueabihf@1.73.0 OK for: oxlint@1.73.0 want: 1.73.0
321 silly placeDep ROOT @oxlint/binding-linux-arm-musleabihf@1.73.0 OK for: oxlint@1.73.0 want: 1.73.0
322 silly placeDep ROOT @oxlint/binding-linux-arm64-gnu@1.73.0 OK for: oxlint@1.73.0 want: 1.73.0
323 silly placeDep ROOT @oxlint/binding-linux-arm64-musl@1.73.0 OK for: oxlint@1.73.0 want: 1.73.0
324 silly placeDep ROOT @oxlint/binding-linux-ppc64-gnu@1.73.0 OK for: oxlint@1.73.0 want: 1.73.0
325 silly placeDep ROOT @oxlint/binding-linux-riscv64-gnu@1.73.0 OK for: oxlint@1.73.0 want: 1.73.0
326 silly placeDep ROOT @oxlint/binding-linux-riscv64-musl@1.73.0 OK for: oxlint@1.73.0 want: 1.73.0
327 silly placeDep ROOT @oxlint/binding-linux-s390x-gnu@1.73.0 OK for: oxlint@1.73.0 want: 1.73.0
328 silly placeDep ROOT @oxlint/binding-linux-x64-gnu@1.73.0 OK for: oxlint@1.73.0 want: 1.73.0
329 silly placeDep ROOT @oxlint/binding-linux-x64-musl@1.73.0 OK for: oxlint@1.73.0 want: 1.73.0
330 silly placeDep ROOT @oxlint/binding-openharmony-arm64@1.73.0 OK for: oxlint@1.73.0 want: 1.73.0
331 silly placeDep ROOT @oxlint/binding-win32-arm64-msvc@1.73.0 OK for: oxlint@1.73.0 want: 1.73.0
332 silly placeDep ROOT @oxlint/binding-win32-ia32-msvc@1.73.0 OK for: oxlint@1.73.0 want: 1.73.0
333 silly placeDep ROOT @oxlint/binding-win32-x64-msvc@1.73.0 OK for: oxlint@1.73.0 want: 1.73.0
334 silly placeDep ROOT scheduler@0.27.0 OK for: react-dom@19.2.7 want: ^0.27.0
335 silly placeDep ROOT fsevents@2.3.3 OK for: vite@8.1.4 want: ~2.3.3
336 silly placeDep ROOT lightningcss@1.32.0 OK for: vite@8.1.4 want: ^1.32.0
337 silly placeDep ROOT picomatch@4.0.5 OK for: vite@8.1.4 want: ^4.0.5
338 silly placeDep ROOT postcss@8.5.17 OK for: vite@8.1.4 want: ^8.5.16
339 silly placeDep ROOT rolldown@1.1.5 OK for: vite@8.1.4 want: ~1.1.4
340 silly placeDep ROOT tinyglobby@0.2.17 OK for: vite@8.1.4 want: ^0.2.17
341 silly fetch manifest detect-libc@^2.0.3
342 silly packumentCache full:https://registry.npmjs.org/detect-libc cache-miss
343 silly fetch manifest lightningcss-darwin-x64@1.32.0
344 silly packumentCache full:https://registry.npmjs.org/lightningcss-darwin-x64 cache-miss
345 silly fetch manifest lightningcss-linux-x64-gnu@1.32.0
346 silly packumentCache full:https://registry.npmjs.org/lightningcss-linux-x64-gnu cache-miss
347 silly fetch manifest lightningcss-win32-x64-msvc@1.32.0
348 silly packumentCache full:https://registry.npmjs.org/lightningcss-win32-x64-msvc cache-miss
349 silly fetch manifest lightningcss-win32-arm64-msvc@1.32.0
350 silly packumentCache full:https://registry.npmjs.org/lightningcss-win32-arm64-msvc cache-miss
351 silly fetch manifest lightningcss-darwin-arm64@1.32.0
352 silly packumentCache full:https://registry.npmjs.org/lightningcss-darwin-arm64 cache-miss
353 silly fetch manifest lightningcss-linux-arm64-gnu@1.32.0
354 silly packumentCache full:https://registry.npmjs.org/lightningcss-linux-arm64-gnu cache-miss
355 silly fetch manifest lightningcss-linux-arm-gnueabihf@1.32.0
356 silly packumentCache full:https://registry.npmjs.org/lightningcss-linux-arm-gnueabihf cache-miss
357 silly fetch manifest lightningcss-linux-arm64-musl@1.32.0
358 silly packumentCache full:https://registry.npmjs.org/lightningcss-linux-arm64-musl cache-miss
359 silly fetch manifest lightningcss-linux-x64-musl@1.32.0
360 silly packumentCache full:https://registry.npmjs.org/lightningcss-linux-x64-musl cache-miss
361 silly fetch manifest lightningcss-freebsd-x64@1.32.0
362 silly packumentCache full:https://registry.npmjs.org/lightningcss-freebsd-x64 cache-miss
363 silly fetch manifest lightningcss-android-arm64@1.32.0
364 silly packumentCache full:https://registry.npmjs.org/lightningcss-android-arm64 cache-miss
365 silly fetch manifest nanoid@^3.3.12
366 silly packumentCache full:https://registry.npmjs.org/nanoid cache-miss
367 silly fetch manifest picocolors@^1.1.1
368 silly packumentCache full:https://registry.npmjs.org/picocolors cache-miss
369 silly fetch manifest source-map-js@^1.2.1
370 silly packumentCache full:https://registry.npmjs.org/source-map-js cache-miss
371 http fetch GET 200 https://registry.npmjs.org/lightningcss-android-arm64 156ms (cache miss)
372 silly packumentCache full:https://registry.npmjs.org/lightningcss-android-arm64 set size:undefined disposed:false
373 silly fetch manifest @oxc-project/types@=0.139.0
374 silly packumentCache full:https://registry.npmjs.org/@oxc-project%2ftypes cache-miss
375 http fetch GET 200 https://registry.npmjs.org/lightningcss-linux-arm-gnueabihf 161ms (cache miss)
376 silly packumentCache full:https://registry.npmjs.org/lightningcss-linux-arm-gnueabihf set size:undefined disposed:false
377 silly fetch manifest @rolldown/binding-darwin-x64@1.1.5
378 silly packumentCache full:https://registry.npmjs.org/@rolldown%2fbinding-darwin-x64 cache-miss
379 http fetch GET 200 https://registry.npmjs.org/lightningcss-win32-arm64-msvc 164ms (cache miss)
380 silly packumentCache full:https://registry.npmjs.org/lightningcss-win32-arm64-msvc set size:undefined disposed:false
381 silly fetch manifest @rolldown/binding-win32-x64-msvc@1.1.5
382 silly packumentCache full:https://registry.npmjs.org/@rolldown%2fbinding-win32-x64-msvc cache-miss
383 http fetch GET 200 https://registry.npmjs.org/detect-libc 171ms (cache miss)
384 silly packumentCache full:https://registry.npmjs.org/detect-libc set size:undefined disposed:false
385 silly fetch manifest @rolldown/binding-linux-x64-gnu@1.1.5
386 silly packumentCache full:https://registry.npmjs.org/@rolldown%2fbinding-linux-x64-gnu cache-miss
387 http fetch GET 200 https://registry.npmjs.org/picocolors 175ms (cache miss)
388 silly packumentCache full:https://registry.npmjs.org/picocolors set size:undefined disposed:false
389 silly fetch manifest @rolldown/binding-linux-x64-musl@1.1.5
390 silly packumentCache full:https://registry.npmjs.org/@rolldown%2fbinding-linux-x64-musl cache-miss
391 http fetch GET 200 https://registry.npmjs.org/lightningcss-freebsd-x64 184ms (cache miss)
392 silly packumentCache full:https://registry.npmjs.org/lightningcss-freebsd-x64 set size:undefined disposed:false
393 silly fetch manifest @rolldown/binding-freebsd-x64@1.1.5
394 silly packumentCache full:https://registry.npmjs.org/@rolldown%2fbinding-freebsd-x64 cache-miss
395 http fetch GET 200 https://registry.npmjs.org/lightningcss-linux-arm64-musl 189ms (cache miss)
396 silly packumentCache full:https://registry.npmjs.org/lightningcss-linux-arm64-musl set size:undefined disposed:false
397 silly fetch manifest @rolldown/binding-linux-arm-gnueabihf@1.1.5
398 silly packumentCache full:https://registry.npmjs.org/@rolldown%2fbinding-linux-arm-gnueabihf cache-miss
399 http fetch GET 200 https://registry.npmjs.org/lightningcss-linux-x64-musl 191ms (cache miss)
400 silly packumentCache full:https://registry.npmjs.org/lightningcss-linux-x64-musl set size:undefined disposed:false
401 silly fetch manifest @rolldown/binding-linux-arm64-gnu@1.1.5
402 silly packumentCache full:https://registry.npmjs.org/@rolldown%2fbinding-linux-arm64-gnu cache-miss
403 http fetch GET 200 https://registry.npmjs.org/lightningcss-darwin-x64 194ms (cache miss)
404 silly packumentCache full:https://registry.npmjs.org/lightningcss-darwin-x64 set size:undefined disposed:false
405 silly fetch manifest @rolldown/binding-darwin-arm64@1.1.5
406 silly packumentCache full:https://registry.npmjs.org/@rolldown%2fbinding-darwin-arm64 cache-miss
407 http fetch GET 200 https://registry.npmjs.org/lightningcss-darwin-arm64 195ms (cache miss)
408 silly packumentCache full:https://registry.npmjs.org/lightningcss-darwin-arm64 set size:undefined disposed:false
409 silly fetch manifest @rolldown/binding-linux-arm64-musl@1.1.5
410 silly packumentCache full:https://registry.npmjs.org/@rolldown%2fbinding-linux-arm64-musl cache-miss
411 http fetch GET 200 https://registry.npmjs.org/lightningcss-win32-x64-msvc 200ms (cache miss)
412 silly packumentCache full:https://registry.npmjs.org/lightningcss-win32-x64-msvc set size:undefined disposed:false
413 silly fetch manifest @rolldown/binding-openharmony-arm64@1.1.5
414 silly packumentCache full:https://registry.npmjs.org/@rolldown%2fbinding-openharmony-arm64 cache-miss
415 http fetch GET 200 https://registry.npmjs.org/lightningcss-linux-arm64-gnu 202ms (cache miss)
416 silly packumentCache full:https://registry.npmjs.org/lightningcss-linux-arm64-gnu set size:undefined disposed:false
417 silly fetch manifest @rolldown/binding-win32-arm64-msvc@1.1.5
418 silly packumentCache full:https://registry.npmjs.org/@rolldown%2fbinding-win32-arm64-msvc cache-miss
419 http fetch GET 200 https://registry.npmjs.org/@oxc-project%2ftypes 89ms (cache miss)
420 silly packumentCache full:https://registry.npmjs.org/@oxc-project%2ftypes set size:undefined disposed:false
421 silly fetch manifest @rolldown/binding-android-arm64@1.1.5
422 silly packumentCache full:https://registry.npmjs.org/@rolldown%2fbinding-android-arm64 cache-miss
423 http fetch GET 200 https://registry.npmjs.org/lightningcss-linux-x64-gnu 324ms (cache miss)
424 silly packumentCache full:https://registry.npmjs.org/lightningcss-linux-x64-gnu set size:undefined disposed:false
425 silly fetch manifest @rolldown/binding-wasm32-wasi@1.1.5
426 silly packumentCache full:https://registry.npmjs.org/@rolldown%2fbinding-wasm32-wasi cache-miss
427 http fetch GET 200 https://registry.npmjs.org/source-map-js 337ms (cache miss)
428 silly packumentCache full:https://registry.npmjs.org/source-map-js set size:undefined disposed:false
429 silly fetch manifest @rolldown/binding-linux-s390x-gnu@1.1.5
430 silly packumentCache full:https://registry.npmjs.org/@rolldown%2fbinding-linux-s390x-gnu cache-miss
431 http fetch GET 200 https://registry.npmjs.org/@rolldown%2fbinding-darwin-x64 181ms (cache miss)
432 silly packumentCache full:https://registry.npmjs.org/@rolldown%2fbinding-darwin-x64 set size:undefined disposed:false
433 silly fetch manifest @rolldown/binding-linux-ppc64-gnu@1.1.5
434 silly packumentCache full:https://registry.npmjs.org/@rolldown%2fbinding-linux-ppc64-gnu cache-miss
435 http fetch GET 200 https://registry.npmjs.org/@rolldown%2fbinding-android-arm64 361ms (cache miss)
436 silly packumentCache full:https://registry.npmjs.org/@rolldown%2fbinding-android-arm64 set size:undefined disposed:false
437 silly fetch manifest fdir@^6.5.0
438 silly packumentCache full:https://registry.npmjs.org/fdir cache-miss
439 http fetch GET 200 https://registry.npmjs.org/@rolldown%2fbinding-linux-s390x-gnu 292ms (cache miss)
440 silly packumentCache full:https://registry.npmjs.org/@rolldown%2fbinding-linux-s390x-gnu set size:undefined disposed:false
441 http fetch GET 200 https://registry.npmjs.org/@rolldown%2fbinding-linux-ppc64-gnu 303ms (cache miss)
442 silly packumentCache full:https://registry.npmjs.org/@rolldown%2fbinding-linux-ppc64-gnu set size:undefined disposed:false
443 http fetch GET 200 https://registry.npmjs.org/@rolldown%2fbinding-linux-arm64-gnu 466ms (cache miss)
444 silly packumentCache full:https://registry.npmjs.org/@rolldown%2fbinding-linux-arm64-gnu set size:undefined disposed:false
445 http fetch GET 200 https://registry.npmjs.org/@rolldown%2fbinding-linux-x64-musl 504ms (cache miss)
446 silly packumentCache full:https://registry.npmjs.org/@rolldown%2fbinding-linux-x64-musl set size:undefined disposed:false
447 http fetch GET 200 https://registry.npmjs.org/@rolldown%2fbinding-openharmony-arm64 495ms (cache miss)
448 silly packumentCache full:https://registry.npmjs.org/@rolldown%2fbinding-openharmony-arm64 set size:undefined disposed:false
449 http fetch GET 200 https://registry.npmjs.org/@rolldown%2fbinding-freebsd-x64 514ms (cache miss)
450 silly packumentCache full:https://registry.npmjs.org/@rolldown%2fbinding-freebsd-x64 set size:undefined disposed:false
451 http fetch GET 200 https://registry.npmjs.org/@rolldown%2fbinding-linux-arm64-musl 521ms (cache miss)
452 silly packumentCache full:https://registry.npmjs.org/@rolldown%2fbinding-linux-arm64-musl set size:undefined disposed:false
453 http fetch GET 200 https://registry.npmjs.org/fdir 124ms (cache miss)
454 silly packumentCache full:https://registry.npmjs.org/fdir set size:undefined disposed:false
455 http fetch GET 200 https://registry.npmjs.org/@rolldown%2fbinding-win32-arm64-msvc 563ms (cache miss)
456 silly packumentCache full:https://registry.npmjs.org/@rolldown%2fbinding-win32-arm64-msvc set size:undefined disposed:false
457 http fetch GET 200 https://registry.npmjs.org/@rolldown%2fbinding-darwin-arm64 583ms (cache miss)
458 silly packumentCache full:https://registry.npmjs.org/@rolldown%2fbinding-darwin-arm64 set size:undefined disposed:false
459 http fetch GET 200 https://registry.npmjs.org/@rolldown%2fbinding-wasm32-wasi 481ms (cache miss)
460 silly packumentCache full:https://registry.npmjs.org/@rolldown%2fbinding-wasm32-wasi set size:undefined disposed:false
461 http fetch GET 200 https://registry.npmjs.org/nanoid 825ms (cache miss)
462 silly packumentCache full:https://registry.npmjs.org/nanoid set size:undefined disposed:false
463 http fetch GET 200 https://registry.npmjs.org/@rolldown%2fbinding-linux-x64-gnu 662ms (cache miss)
464 silly packumentCache full:https://registry.npmjs.org/@rolldown%2fbinding-linux-x64-gnu set size:undefined disposed:false
465 http fetch GET 200 https://registry.npmjs.org/@rolldown%2fbinding-win32-x64-msvc 678ms (cache miss)
466 silly packumentCache full:https://registry.npmjs.org/@rolldown%2fbinding-win32-x64-msvc set size:undefined disposed:false
467 http fetch GET 200 https://registry.npmjs.org/@rolldown%2fbinding-linux-arm-gnueabihf 663ms (cache miss)
468 silly packumentCache full:https://registry.npmjs.org/@rolldown%2fbinding-linux-arm-gnueabihf set size:undefined disposed:false
469 silly placeDep ROOT detect-libc@2.1.2 OK for: lightningcss@1.32.0 want: ^2.0.3
470 silly placeDep ROOT lightningcss-android-arm64@1.32.0 OK for: lightningcss@1.32.0 want: 1.32.0
471 silly placeDep ROOT lightningcss-darwin-arm64@1.32.0 OK for: lightningcss@1.32.0 want: 1.32.0
472 silly placeDep ROOT lightningcss-darwin-x64@1.32.0 OK for: lightningcss@1.32.0 want: 1.32.0
473 silly placeDep ROOT lightningcss-freebsd-x64@1.32.0 OK for: lightningcss@1.32.0 want: 1.32.0
474 silly placeDep ROOT lightningcss-linux-arm-gnueabihf@1.32.0 OK for: lightningcss@1.32.0 want: 1.32.0
475 silly placeDep ROOT lightningcss-linux-arm64-gnu@1.32.0 OK for: lightningcss@1.32.0 want: 1.32.0
476 silly placeDep ROOT lightningcss-linux-arm64-musl@1.32.0 OK for: lightningcss@1.32.0 want: 1.32.0
477 silly placeDep ROOT lightningcss-linux-x64-gnu@1.32.0 OK for: lightningcss@1.32.0 want: 1.32.0
478 silly placeDep ROOT lightningcss-linux-x64-musl@1.32.0 OK for: lightningcss@1.32.0 want: 1.32.0
479 silly placeDep ROOT lightningcss-win32-arm64-msvc@1.32.0 OK for: lightningcss@1.32.0 want: 1.32.0
480 silly placeDep ROOT lightningcss-win32-x64-msvc@1.32.0 OK for: lightningcss@1.32.0 want: 1.32.0
481 silly placeDep ROOT nanoid@3.3.15 OK for: postcss@8.5.17 want: ^3.3.12
482 silly placeDep ROOT picocolors@1.1.1 OK for: postcss@8.5.17 want: ^1.1.1
483 silly placeDep ROOT source-map-js@1.2.1 OK for: postcss@8.5.17 want: ^1.2.1
484 silly placeDep ROOT @oxc-project/types@0.139.0 OK for: rolldown@1.1.5 want: =0.139.0
485 silly placeDep ROOT @rolldown/binding-android-arm64@1.1.5 OK for: rolldown@1.1.5 want: 1.1.5
486 silly placeDep ROOT @rolldown/binding-darwin-arm64@1.1.5 OK for: rolldown@1.1.5 want: 1.1.5
487 silly placeDep ROOT @rolldown/binding-darwin-x64@1.1.5 OK for: rolldown@1.1.5 want: 1.1.5
488 silly placeDep ROOT @rolldown/binding-freebsd-x64@1.1.5 OK for: rolldown@1.1.5 want: 1.1.5
489 silly placeDep ROOT @rolldown/binding-linux-arm-gnueabihf@1.1.5 OK for: rolldown@1.1.5 want: 1.1.5
490 silly placeDep ROOT @rolldown/binding-linux-arm64-gnu@1.1.5 OK for: rolldown@1.1.5 want: 1.1.5
491 silly placeDep ROOT @rolldown/binding-linux-arm64-musl@1.1.5 OK for: rolldown@1.1.5 want: 1.1.5
492 silly placeDep ROOT @rolldown/binding-linux-ppc64-gnu@1.1.5 OK for: rolldown@1.1.5 want: 1.1.5
493 silly placeDep ROOT @rolldown/binding-linux-s390x-gnu@1.1.5 OK for: rolldown@1.1.5 want: 1.1.5
494 silly placeDep ROOT @rolldown/binding-linux-x64-gnu@1.1.5 OK for: rolldown@1.1.5 want: 1.1.5
495 silly placeDep ROOT @rolldown/binding-linux-x64-musl@1.1.5 OK for: rolldown@1.1.5 want: 1.1.5
496 silly placeDep ROOT @rolldown/binding-openharmony-arm64@1.1.5 OK for: rolldown@1.1.5 want: 1.1.5
497 silly placeDep ROOT @rolldown/binding-wasm32-wasi@1.1.5 OK for: rolldown@1.1.5 want: 1.1.5
498 silly placeDep ROOT @rolldown/binding-win32-arm64-msvc@1.1.5 OK for: rolldown@1.1.5 want: 1.1.5
499 silly placeDep ROOT @rolldown/binding-win32-x64-msvc@1.1.5 OK for: rolldown@1.1.5 want: 1.1.5
500 silly fetch manifest @napi-rs/wasm-runtime@^1.1.6
501 silly packumentCache full:https://registry.npmjs.org/@napi-rs%2fwasm-runtime cache-miss
502 silly fetch manifest @emnapi/core@1.11.1
503 silly packumentCache full:https://registry.npmjs.org/@emnapi%2fcore cache-miss
504 silly fetch manifest @emnapi/runtime@1.11.1
505 silly packumentCache full:https://registry.npmjs.org/@emnapi%2fruntime cache-miss
506 http fetch GET 200 https://registry.npmjs.org/@napi-rs%2fwasm-runtime 142ms (cache miss)
507 silly packumentCache full:https://registry.npmjs.org/@napi-rs%2fwasm-runtime set size:undefined disposed:false
508 http fetch GET 200 https://registry.npmjs.org/@emnapi%2fcore 149ms (cache miss)
509 silly packumentCache full:https://registry.npmjs.org/@emnapi%2fcore set size:undefined disposed:false
510 http fetch GET 200 https://registry.npmjs.org/@emnapi%2fruntime 387ms (cache miss)
511 silly packumentCache full:https://registry.npmjs.org/@emnapi%2fruntime set size:undefined disposed:false
512 silly placeDep ROOT @emnapi/core@1.11.1 OK for: @rolldown/binding-wasm32-wasi@1.1.5 want: 1.11.1
513 silly placeDep ROOT @emnapi/runtime@1.11.1 OK for: @rolldown/binding-wasm32-wasi@1.1.5 want: 1.11.1
514 silly placeDep ROOT @napi-rs/wasm-runtime@1.1.6 OK for: @rolldown/binding-wasm32-wasi@1.1.5 want: ^1.1.6
515 silly fetch manifest tslib@^2.4.0
516 silly packumentCache full:https://registry.npmjs.org/tslib cache-miss
517 silly fetch manifest @emnapi/wasi-threads@1.2.2
518 silly packumentCache full:https://registry.npmjs.org/@emnapi%2fwasi-threads cache-miss
519 silly fetch manifest tslib@^2.4.0
520 silly packumentCache full:https://registry.npmjs.org/tslib cache-miss
521 silly fetch manifest @tybys/wasm-util@^0.10.3
522 silly packumentCache full:https://registry.npmjs.org/@tybys%2fwasm-util cache-miss
523 http fetch GET 200 https://registry.npmjs.org/tslib 80ms (cache miss)
524 silly packumentCache full:https://registry.npmjs.org/tslib set size:undefined disposed:false
525 http fetch GET 200 https://registry.npmjs.org/tslib 82ms (cache miss)
526 silly packumentCache full:https://registry.npmjs.org/tslib set size:undefined disposed:false
527 http fetch GET 200 https://registry.npmjs.org/@emnapi%2fwasi-threads 86ms (cache miss)
528 silly packumentCache full:https://registry.npmjs.org/@emnapi%2fwasi-threads set size:undefined disposed:false
529 http fetch GET 200 https://registry.npmjs.org/@tybys%2fwasm-util 344ms (cache miss)
530 silly packumentCache full:https://registry.npmjs.org/@tybys%2fwasm-util set size:undefined disposed:false
531 silly placeDep ROOT @emnapi/wasi-threads@1.2.2 OK for: @emnapi/core@1.11.1 want: 1.2.2
532 silly placeDep ROOT tslib@2.8.1 OK for: @emnapi/core@1.11.1 want: ^2.4.0
533 silly placeDep ROOT @tybys/wasm-util@0.10.3 OK for: @napi-rs/wasm-runtime@1.1.6 want: ^0.10.3
534 silly fetch manifest picomatch@^4.0.4
535 silly packumentCache full:https://registry.npmjs.org/picomatch cache-miss
536 http cache https://registry.npmjs.org/picomatch 33ms (cache hit)
537 silly packumentCache full:https://registry.npmjs.org/picomatch set size:128942 disposed:false
538 silly placeDep ROOT fdir@6.5.0 OK for: tinyglobby@0.2.17 want: ^6.5.0
539 silly reify moves {}
540 silly audit bulk request {
540 silly audit   '@types/react': [ '19.2.17' ],
540 silly audit   '@types/react-dom': [ '19.2.3' ],
540 silly audit   '@vitejs/plugin-react': [ '6.0.3' ],
540 silly audit   vite: [ '8.1.4' ],
540 silly audit   oxlint: [ '1.73.0' ],
540 silly audit   react: [ '19.2.7' ],
540 silly audit   'react-dom': [ '19.2.7' ],
540 silly audit   csstype: [ '3.2.3' ],
540 silly audit   '@rolldown/pluginutils': [ '1.0.1' ],
540 silly audit   '@oxlint/binding-android-arm-eabi': [ '1.73.0' ],
540 silly audit   '@oxlint/binding-android-arm64': [ '1.73.0' ],
540 silly audit   '@oxlint/binding-darwin-arm64': [ '1.73.0' ],
540 silly audit   '@oxlint/binding-darwin-x64': [ '1.73.0' ],
540 silly audit   '@oxlint/binding-freebsd-x64': [ '1.73.0' ],
540 silly audit   '@oxlint/binding-linux-arm-gnueabihf': [ '1.73.0' ],
540 silly audit   '@oxlint/binding-linux-arm-musleabihf': [ '1.73.0' ],
540 silly audit   '@oxlint/binding-linux-arm64-gnu': [ '1.73.0' ],
540 silly audit   '@oxlint/binding-linux-arm64-musl': [ '1.73.0' ],
540 silly audit   '@oxlint/binding-linux-ppc64-gnu': [ '1.73.0' ],
540 silly audit   '@oxlint/binding-linux-riscv64-gnu': [ '1.73.0' ],
540 silly audit   '@oxlint/binding-linux-riscv64-musl': [ '1.73.0' ],
540 silly audit   '@oxlint/binding-linux-s390x-gnu': [ '1.73.0' ],
540 silly audit   '@oxlint/binding-linux-x64-gnu': [ '1.73.0' ],
540 silly audit   '@oxlint/binding-linux-x64-musl': [ '1.73.0' ],
540 silly audit   '@oxlint/binding-openharmony-arm64': [ '1.73.0' ],
540 silly audit   '@oxlint/binding-win32-arm64-msvc': [ '1.73.0' ],
540 silly audit   '@oxlint/binding-win32-ia32-msvc': [ '1.73.0' ],
540 silly audit   '@oxlint/binding-win32-x64-msvc': [ '1.73.0' ],
540 silly audit   scheduler: [ '0.27.0' ],
540 silly audit   fsevents: [ '2.3.3' ],
540 silly audit   lightningcss: [ '1.32.0' ],
540 silly audit   picomatch: [ '4.0.5' ],
540 silly audit   postcss: [ '8.5.17' ],
540 silly audit   rolldown: [ '1.1.5' ],
540 silly audit   tinyglobby: [ '0.2.17' ],
540 silly audit   'detect-libc': [ '2.1.2' ],
540 silly audit   'lightningcss-android-arm64': [ '1.32.0' ],
540 silly audit   'lightningcss-darwin-arm64': [ '1.32.0' ],
540 silly audit   'lightningcss-darwin-x64': [ '1.32.0' ],
540 silly audit   'lightningcss-freebsd-x64': [ '1.32.0' ],
540 silly audit   'lightningcss-linux-arm-gnueabihf': [ '1.32.0' ],
540 silly audit   'lightningcss-linux-arm64-gnu': [ '1.32.0' ],
540 silly audit   'lightningcss-linux-arm64-musl': [ '1.32.0' ],
540 silly audit   'lightningcss-linux-x64-gnu': [ '1.32.0' ],
540 silly audit   'lightningcss-linux-x64-musl': [ '1.32.0' ],
540 silly audit   'lightningcss-win32-arm64-msvc': [ '1.32.0' ],
540 silly audit   'lightningcss-win32-x64-msvc': [ '1.32.0' ],
540 silly audit   nanoid: [ '3.3.15' ],
540 silly audit   picocolors: [ '1.1.1' ],
540 silly audit   'source-map-js': [ '1.2.1' ],
540 silly audit   '@oxc-project/types': [ '0.139.0' ],
540 silly audit   '@rolldown/binding-android-arm64': [ '1.1.5' ],
540 silly audit   '@rolldown/binding-darwin-arm64': [ '1.1.5' ],
540 silly audit   '@rolldown/binding-darwin-x64': [ '1.1.5' ],
540 silly audit   '@rolldown/binding-freebsd-x64': [ '1.1.5' ],
540 silly audit   '@rolldown/binding-linux-arm-gnueabihf': [ '1.1.5' ],
540 silly audit   '@rolldown/binding-linux-arm64-gnu': [ '1.1.5' ],
540 silly audit   '@rolldown/binding-linux-arm64-musl': [ '1.1.5' ],
540 silly audit   '@rolldown/binding-linux-ppc64-gnu': [ '1.1.5' ],
540 silly audit   '@rolldown/binding-linux-s390x-gnu': [ '1.1.5' ],
540 silly audit   '@rolldown/binding-linux-x64-gnu': [ '1.1.5' ],
540 silly audit   '@rolldown/binding-linux-x64-musl': [ '1.1.5' ],
540 silly audit   '@rolldown/binding-openharmony-arm64': [ '1.1.5' ],
540 silly audit   '@rolldown/binding-wasm32-wasi': [ '1.1.5' ],
540 silly audit   '@rolldown/binding-win32-arm64-msvc': [ '1.1.5' ],
540 silly audit   '@rolldown/binding-win32-x64-msvc': [ '1.1.5' ],
540 silly audit   '@emnapi/core': [ '1.11.1' ],
540 silly audit   '@emnapi/runtime': [ '1.11.1' ],
540 silly audit   '@napi-rs/wasm-runtime': [ '1.1.6' ],
540 silly audit   '@emnapi/wasi-threads': [ '1.2.2' ],
540 silly audit   tslib: [ '2.8.1' ],
540 silly audit   '@tybys/wasm-util': [ '0.10.3' ],
540 silly audit   fdir: [ '6.5.0' ]
540 silly audit }
541 http cache fdir@https://registry.npmjs.org/fdir/-/fdir-6.5.0.tgz 0ms (cache hit)
542 http cache @rolldown/binding-win32-x64-msvc@https://registry.npmjs.org/@rolldown/binding-win32-x64-msvc/-/binding-win32-x64-msvc-1.1.5.tgz 0ms (cache hit)
543 http cache @oxc-project/types@https://registry.npmjs.org/@oxc-project/types/-/types-0.139.0.tgz 0ms (cache hit)
544 http cache source-map-js@https://registry.npmjs.org/source-map-js/-/source-map-js-1.2.1.tgz 0ms (cache hit)
545 http cache nanoid@https://registry.npmjs.org/nanoid/-/nanoid-3.3.15.tgz 0ms (cache hit)
546 http cache tinyglobby@https://registry.npmjs.org/tinyglobby/-/tinyglobby-0.2.17.tgz 0ms (cache hit)
547 http cache rolldown@https://registry.npmjs.org/rolldown/-/rolldown-1.1.5.tgz 0ms (cache hit)
548 http cache detect-libc@https://registry.npmjs.org/detect-libc/-/detect-libc-2.1.2.tgz 0ms (cache hit)
549 http cache postcss@https://registry.npmjs.org/postcss/-/postcss-8.5.17.tgz 0ms (cache hit)
550 http cache @oxlint/binding-win32-x64-msvc@https://registry.npmjs.org/@oxlint/binding-win32-x64-msvc/-/binding-win32-x64-msvc-1.73.0.tgz 0ms (cache hit)
551 http cache lightningcss-win32-x64-msvc@https://registry.npmjs.org/lightningcss-win32-x64-msvc/-/lightningcss-win32-x64-msvc-1.32.0.tgz 0ms (cache hit)
552 http cache picomatch@https://registry.npmjs.org/picomatch/-/picomatch-4.0.5.tgz 0ms (cache hit)
553 http cache picocolors@https://registry.npmjs.org/picocolors/-/picocolors-1.1.1.tgz 1ms (cache hit)
554 http cache lightningcss@https://registry.npmjs.org/lightningcss/-/lightningcss-1.32.0.tgz 0ms (cache hit)
555 http cache @rolldown/pluginutils@https://registry.npmjs.org/@rolldown/pluginutils/-/pluginutils-1.0.1.tgz 0ms (cache hit)
556 http cache scheduler@https://registry.npmjs.org/scheduler/-/scheduler-0.27.0.tgz 0ms (cache hit)
557 http cache csstype@https://registry.npmjs.org/csstype/-/csstype-3.2.3.tgz 0ms (cache hit)
558 http cache react@https://registry.npmjs.org/react/-/react-19.2.7.tgz 0ms (cache hit)
559 http cache oxlint@https://registry.npmjs.org/oxlint/-/oxlint-1.73.0.tgz 1ms (cache hit)
560 http cache react-dom@https://registry.npmjs.org/react-dom/-/react-dom-19.2.7.tgz 0ms (cache hit)
561 http cache @vitejs/plugin-react@https://registry.npmjs.org/@vitejs/plugin-react/-/plugin-react-6.0.3.tgz 0ms (cache hit)
562 silly tarball no local data for fdir@https://registry.npmjs.org/fdir/-/fdir-6.5.0.tgz. Extracting by manifest.
563 http cache vite@https://registry.npmjs.org/vite/-/vite-8.1.4.tgz 0ms (cache hit)
564 silly tarball no local data for @rolldown/binding-win32-x64-msvc@https://registry.npmjs.org/@rolldown/binding-win32-x64-msvc/-/binding-win32-x64-msvc-1.1.5.tgz. Extracting by manifest.
565 silly tarball no local data for @oxc-project/types@https://registry.npmjs.org/@oxc-project/types/-/types-0.139.0.tgz. Extracting by manifest.
566 silly tarball no local data for source-map-js@https://registry.npmjs.org/source-map-js/-/source-map-js-1.2.1.tgz. Extracting by manifest.
567 silly tarball no local data for nanoid@https://registry.npmjs.org/nanoid/-/nanoid-3.3.15.tgz. Extracting by manifest.
568 silly tarball no local data for tinyglobby@https://registry.npmjs.org/tinyglobby/-/tinyglobby-0.2.17.tgz. Extracting by manifest.
569 silly tarball no local data for rolldown@https://registry.npmjs.org/rolldown/-/rolldown-1.1.5.tgz. Extracting by manifest.
570 silly tarball no local data for detect-libc@https://registry.npmjs.org/detect-libc/-/detect-libc-2.1.2.tgz. Extracting by manifest.
571 silly tarball no local data for postcss@https://registry.npmjs.org/postcss/-/postcss-8.5.17.tgz. Extracting by manifest.
572 silly tarball no local data for @oxlint/binding-win32-x64-msvc@https://registry.npmjs.org/@oxlint/binding-win32-x64-msvc/-/binding-win32-x64-msvc-1.73.0.tgz. Extracting by manifest.
573 silly tarball no local data for lightningcss-win32-x64-msvc@https://registry.npmjs.org/lightningcss-win32-x64-msvc/-/lightningcss-win32-x64-msvc-1.32.0.tgz. Extracting by manifest.
574 silly tarball no local data for picomatch@https://registry.npmjs.org/picomatch/-/picomatch-4.0.5.tgz. Extracting by manifest.
575 silly tarball no local data for picocolors@https://registry.npmjs.org/picocolors/-/picocolors-1.1.1.tgz. Extracting by manifest.
576 silly tarball no local data for lightningcss@https://registry.npmjs.org/lightningcss/-/lightningcss-1.32.0.tgz. Extracting by manifest.
577 silly tarball no local data for @rolldown/pluginutils@https://registry.npmjs.org/@rolldown/pluginutils/-/pluginutils-1.0.1.tgz. Extracting by manifest.
578 silly tarball no local data for scheduler@https://registry.npmjs.org/scheduler/-/scheduler-0.27.0.tgz. Extracting by manifest.
579 silly tarball no local data for csstype@https://registry.npmjs.org/csstype/-/csstype-3.2.3.tgz. Extracting by manifest.
580 silly tarball no local data for react@https://registry.npmjs.org/react/-/react-19.2.7.tgz. Extracting by manifest.
581 silly tarball no local data for oxlint@https://registry.npmjs.org/oxlint/-/oxlint-1.73.0.tgz. Extracting by manifest.
582 silly tarball no local data for react-dom@https://registry.npmjs.org/react-dom/-/react-dom-19.2.7.tgz. Extracting by manifest.
583 silly tarball no local data for @vitejs/plugin-react@https://registry.npmjs.org/@vitejs/plugin-react/-/plugin-react-6.0.3.tgz. Extracting by manifest.
584 http cache @types/react-dom@https://registry.npmjs.org/@types/react-dom/-/react-dom-19.2.3.tgz 0ms (cache hit)
585 http cache @types/react@https://registry.npmjs.org/@types/react/-/react-19.2.17.tgz 0ms (cache hit)
586 silly tarball no local data for vite@https://registry.npmjs.org/vite/-/vite-8.1.4.tgz. Extracting by manifest.
587 silly tarball no local data for @types/react-dom@https://registry.npmjs.org/@types/react-dom/-/react-dom-19.2.3.tgz. Extracting by manifest.
588 silly tarball no local data for @types/react@https://registry.npmjs.org/@types/react/-/react-19.2.17.tgz. Extracting by manifest.
589 http fetch GET 200 https://registry.npmjs.org/picocolors/-/picocolors-1.1.1.tgz 160ms (cache miss)
590 http fetch GET 200 https://registry.npmjs.org/nanoid/-/nanoid-3.3.15.tgz 174ms (cache miss)
591 http fetch GET 200 https://registry.npmjs.org/scheduler/-/scheduler-0.27.0.tgz 176ms (cache miss)
592 http fetch GET 200 https://registry.npmjs.org/fdir/-/fdir-6.5.0.tgz 208ms (cache miss)
593 http fetch POST 200 https://registry.npmjs.org/-/npm/v1/security/advisories/bulk 327ms
594 silly audit report {}
595 http fetch GET 200 https://registry.npmjs.org/@vitejs/plugin-react/-/plugin-react-6.0.3.tgz 318ms (cache miss)
596 http fetch GET 200 https://registry.npmjs.org/lightningcss/-/lightningcss-1.32.0.tgz 337ms (cache miss)
597 http fetch GET 200 https://registry.npmjs.org/react/-/react-19.2.7.tgz 393ms (cache miss)
598 http fetch GET 200 https://registry.npmjs.org/postcss/-/postcss-8.5.17.tgz 463ms (cache miss)
599 http fetch GET 200 https://registry.npmjs.org/tinyglobby/-/tinyglobby-0.2.17.tgz 486ms (cache miss)
600 http fetch GET 200 https://registry.npmjs.org/rolldown/-/rolldown-1.1.5.tgz 517ms (cache miss)
601 http fetch GET 200 https://registry.npmjs.org/@oxc-project/types/-/types-0.139.0.tgz 541ms (cache miss)
602 http fetch GET 200 https://registry.npmjs.org/@rolldown/pluginutils/-/pluginutils-1.0.1.tgz 561ms (cache miss)
603 http fetch GET 200 https://registry.npmjs.org/csstype/-/csstype-3.2.3.tgz 562ms (cache miss)
604 http fetch GET 200 https://registry.npmjs.org/oxlint/-/oxlint-1.73.0.tgz 597ms (cache miss)
605 http fetch GET 200 https://registry.npmjs.org/@types/react-dom/-/react-dom-19.2.3.tgz 583ms (cache miss)
606 http fetch GET 200 https://registry.npmjs.org/picomatch/-/picomatch-4.0.5.tgz 662ms (cache miss)
607 http fetch GET 200 https://registry.npmjs.org/source-map-js/-/source-map-js-1.2.1.tgz 977ms (cache miss)
608 http fetch GET 200 https://registry.npmjs.org/@types/react/-/react-19.2.17.tgz 975ms (cache miss)
609 http fetch GET 200 https://registry.npmjs.org/vite/-/vite-8.1.4.tgz 1211ms (cache miss)
610 http fetch GET 200 https://registry.npmjs.org/react-dom/-/react-dom-19.2.7.tgz 1221ms (cache miss)
611 http fetch GET 200 https://registry.npmjs.org/lightningcss-win32-x64-msvc/-/lightningcss-win32-x64-msvc-1.32.0.tgz 1487ms (cache miss)
612 http fetch GET 200 https://registry.npmjs.org/@oxlint/binding-win32-x64-msvc/-/binding-win32-x64-msvc-1.73.0.tgz 3459ms (cache miss)
613 http fetch GET 200 https://registry.npmjs.org/@rolldown/binding-win32-x64-msvc/-/binding-win32-x64-msvc-1.1.5.tgz 3638ms (cache miss)
614 http fetch GET 200 https://registry.npmjs.org/detect-libc/-/detect-libc-2.1.2.tgz 4052ms (cache miss)
615 silly ADD node_modules/fdir
616 silly ADD node_modules/@rolldown/binding-win32-x64-msvc
617 silly ADD node_modules/@oxc-project/types
618 silly ADD node_modules/source-map-js
619 silly ADD node_modules/picocolors
620 silly ADD node_modules/nanoid
621 silly ADD node_modules/lightningcss-win32-x64-msvc
622 silly ADD node_modules/detect-libc
623 silly ADD node_modules/tinyglobby
624 silly ADD node_modules/rolldown
625 silly ADD node_modules/postcss
626 silly ADD node_modules/picomatch
627 silly ADD node_modules/lightningcss
628 silly ADD node_modules/scheduler
629 silly ADD node_modules/@oxlint/binding-win32-x64-msvc
630 silly ADD node_modules/@rolldown/pluginutils
631 silly ADD node_modules/csstype
632 silly ADD node_modules/react-dom
633 silly ADD node_modules/react
634 silly ADD node_modules/oxlint
635 silly ADD node_modules/vite
636 silly ADD node_modules/@vitejs/plugin-react
637 silly ADD node_modules/@types/react-dom
638 silly ADD node_modules/@types/react
639 verbose cwd C:\Users\yokes\Desktop\TransitX\TransitX\TransitX
640 verbose os Windows_NT 10.0.26200
641 verbose node v24.12.0
642 verbose npm  v11.6.2
643 verbose exit 0
644 info ok
