0 verbose cli C:\Program Files\nodejs\node.exe C:\Program Files\nodejs\node_modules\npm\bin\npm-cli.js
1 info using npm@11.6.2
2 info using node@v24.12.0
3 silly config load:file:C:\Program Files\nodejs\node_modules\npm\npmrc
4 silly config load:file:C:\Users\yokes\Desktop\TransitX\TransitX\.npmrc
5 silly config load:file:C:\Users\yokes\.npmrc
6 silly config load:file:C:\Users\yokes\AppData\Roaming\npm\etc\npmrc
7 verbose title npm create vite@latest
8 verbose argv "create" "vite@latest"
9 verbose logfile logs-max:10 dir:C:\Users\yokes\Desktop\TransitX\TransitX\clean\_logs\2026-07-12T04_33_35_274Z-
10 verbose logfile C:\Users\yokes\Desktop\TransitX\TransitX\clean\_logs\2026-07-12T04_33_35_274Z-debug-0.log
11 silly logfile done cleaning log files
12 silly packumentCache heap:4496293888 maxSize:1124073472 maxEntrySize:562036736
13 http fetch GET 200 https://registry.npmjs.org/npm 927ms
14 http fetch GET 200 https://registry.npmjs.org/create-vite 950ms (cache miss)
15 silly packumentCache heap:4496293888 maxSize:1124073472 maxEntrySize:562036736
16 silly idealTree buildDeps
17 silly fetch manifest create-vite@9.1.1
18 silly packumentCache full:https://registry.npmjs.org/create-vite cache-miss
19 http fetch GET 200 https://registry.npmjs.org/create-vite 681ms (cache miss)
20 silly packumentCache full:https://registry.npmjs.org/create-vite set size:undefined disposed:false
21 silly placeDep ROOT create-vite@9.1.1 OK for:  want: 9.1.1
22 silly reify moves {}
23 silly audit bulk request { 'create-vite': [ '9.1.1' ] }
24 http cache create-vite@https://registry.npmjs.org/create-vite/-/create-vite-9.1.1.tgz 1ms (cache hit)
25 silly tarball no local data for create-vite@https://registry.npmjs.org/create-vite/-/create-vite-9.1.1.tgz. Extracting by manifest.
26 http fetch POST 200 https://registry.npmjs.org/-/npm/v1/security/advisories/bulk 330ms
27 silly audit report {}
28 http fetch GET 200 https://registry.npmjs.org/create-vite/-/create-vite-9.1.1.tgz 1446ms (cache miss)
29 verbose stack Error: command failed
29 verbose stack     at promiseSpawn (C:\Program Files\nodejs\node_modules\npm\node_modules\@npmcli\promise-spawn\lib\index.js:22:22)
29 verbose stack     at spawnWithShell (C:\Program Files\nodejs\node_modules\npm\node_modules\@npmcli\promise-spawn\lib\index.js:124:10)
29 verbose stack     at promiseSpawn (C:\Program Files\nodejs\node_modules\npm\node_modules\@npmcli\promise-spawn\lib\index.js:12:12)
29 verbose stack     at runScriptPkg (C:\Program Files\nodejs\node_modules\npm\node_modules\@npmcli\run-script\lib\run-script-pkg.js:79:13)
29 verbose stack     at runScript (C:\Program Files\nodejs\node_modules\npm\node_modules\@npmcli\run-script\lib\run-script.js:9:12)
29 verbose stack     at run (C:\Program Files\nodejs\node_modules\npm\node_modules\libnpmexec\lib\run-script.js:60:10)
29 verbose stack     at async exec (C:\Program Files\nodejs\node_modules\npm\node_modules\libnpmexec\lib\index.js:307:10)
29 verbose stack     at async Init.execCreate (C:\Program Files\nodejs\node_modules\npm\lib\commands\init.js:143:5)
29 verbose stack     at async Init.exec (C:\Program Files\nodejs\node_modules\npm\lib\commands\init.js:46:14)
29 verbose stack     at async Npm.exec (C:\Program Files\nodejs\node_modules\npm\lib\npm.js:208:9)
30 error code 1
31 error path C:\Users\yokes\Desktop\TransitX\TransitX
32 error command failed
33 error command C:\Windows\system32\cmd.exe /d /s /c create-vite
34 verbose cwd C:\Users\yokes\Desktop\TransitX\TransitX
35 verbose os Windows_NT 10.0.26200
36 verbose node v24.12.0
37 verbose npm  v11.6.2
38 notice
38 notice New [33mminor[39m version of npm available! [33m11.6.2[39m -> [34m11.18.0[39m
38 notice Changelog: [34mhttps://github.com/npm/cli/releases/tag/v11.18.0[39m
38 notice To update run: [4mnpm install -g npm@11.18.0[24m
38 notice  { force: true, Symbol(proc-log.meta): true }
39 verbose exit 1
40 verbose code 1
41 error A complete log of this run can be found in: C:\Users\yokes\Desktop\TransitX\TransitX\clean\_logs\2026-07-12T04_33_35_274Z-debug-0.log
