0 verbose cli C:\Program Files\nodejs\node.exe C:\Program Files\nodejs\node_modules\npm\bin\npm-cli.js
1 info using npm@11.6.2
2 info using node@v24.12.0
3 silly config load:file:C:\Program Files\nodejs\node_modules\npm\npmrc
4 silly config load:file:C:\Users\yokes\Desktop\TransitX\backend\.npmrc
5 silly config load:file:C:\Users\yokes\.npmrc
6 silly config load:file:C:\Users\yokes\AppData\Roaming\npm\etc\npmrc
7 verbose title npm install
8 verbose argv "install"
9 verbose logfile logs-max:10 dir:C:\Users\yokes\Desktop\TransitX\backend\clean\_logs\2026-07-12T09_31_40_156Z-
10 verbose logfile C:\Users\yokes\Desktop\TransitX\backend\clean\_logs\2026-07-12T09_31_40_156Z-debug-0.log
11 silly logfile done cleaning log files
12 silly packumentCache heap:4496293888 maxSize:1124073472 maxEntrySize:562036736
13 silly idealTree buildDeps
14 silly reify mark retired [
14 silly reify   'C:\\Users\\yokes\\Desktop\\TransitX\\backend\\node_modules\\accepts'
14 silly reify ]
15 silly reify mark retired [
15 silly reify   'C:\\Users\\yokes\\Desktop\\TransitX\\backend\\node_modules\\body-parser'
15 silly reify ]
16 silly reify mark retired [
16 silly reify   'C:\\Users\\yokes\\Desktop\\TransitX\\backend\\node_modules\\content-disposition'
16 silly reify ]
17 silly reify mark retired [
17 silly reify   'C:\\Users\\yokes\\Desktop\\TransitX\\backend\\node_modules\\cookie-signature'
17 silly reify ]
18 silly reify mark retired [ 'C:\\Users\\yokes\\Desktop\\TransitX\\backend\\node_modules\\debug' ]
19 silly reify mark retired [
19 silly reify   'C:\\Users\\yokes\\Desktop\\TransitX\\backend\\node_modules\\express'
19 silly reify ]
20 silly reify mark retired [
20 silly reify   'C:\\Users\\yokes\\Desktop\\TransitX\\backend\\node_modules\\finalhandler'
20 silly reify ]
21 silly reify mark retired [ 'C:\\Users\\yokes\\Desktop\\TransitX\\backend\\node_modules\\fresh' ]
22 silly reify mark retired [
22 silly reify   'C:\\Users\\yokes\\Desktop\\TransitX\\backend\\node_modules\\is-promise'
22 silly reify ]
23 silly reify mark retired [
23 silly reify   'C:\\Users\\yokes\\Desktop\\TransitX\\backend\\node_modules\\media-typer'
23 silly reify ]
24 silly reify mark retired [
24 silly reify   'C:\\Users\\yokes\\Desktop\\TransitX\\backend\\node_modules\\merge-descriptors'
24 silly reify ]
25 silly reify mark retired [
25 silly reify   'C:\\Users\\yokes\\Desktop\\TransitX\\backend\\node_modules\\mime-db'
25 silly reify ]
26 silly reify mark retired [
26 silly reify   'C:\\Users\\yokes\\Desktop\\TransitX\\backend\\node_modules\\mime-types'
26 silly reify ]
27 silly reify mark retired [
27 silly reify   'C:\\Users\\yokes\\Desktop\\TransitX\\backend\\node_modules\\negotiator'
27 silly reify ]
28 silly reify mark retired [ 'C:\\Users\\yokes\\Desktop\\TransitX\\backend\\node_modules\\once' ]
29 silly reify mark retired [
29 silly reify   'C:\\Users\\yokes\\Desktop\\TransitX\\backend\\node_modules\\path-to-regexp'
29 silly reify ]
30 silly reify mark retired [
30 silly reify   'C:\\Users\\yokes\\Desktop\\TransitX\\backend\\node_modules\\range-parser'
30 silly reify ]
31 silly reify mark retired [
31 silly reify   'C:\\Users\\yokes\\Desktop\\TransitX\\backend\\node_modules\\raw-body'
31 silly reify ]
32 silly reify mark retired [
32 silly reify   'C:\\Users\\yokes\\Desktop\\TransitX\\backend\\node_modules\\router'
32 silly reify ]
33 silly reify mark retired [ 'C:\\Users\\yokes\\Desktop\\TransitX\\backend\\node_modules\\send' ]
34 silly reify mark retired [
34 silly reify   'C:\\Users\\yokes\\Desktop\\TransitX\\backend\\node_modules\\serve-static'
34 silly reify ]
35 silly reify mark retired [
35 silly reify   'C:\\Users\\yokes\\Desktop\\TransitX\\backend\\node_modules\\type-is'
35 silly reify ]
36 silly reify mark retired [
36 silly reify   'C:\\Users\\yokes\\Desktop\\TransitX\\backend\\node_modules\\wrappy'
36 silly reify ]
37 silly reify moves {
37 silly reify   'C:\\Users\\yokes\\Desktop\\TransitX\\backend\\node_modules\\accepts': 'C:\\Users\\yokes\\Desktop\\TransitX\\backend\\node_modules\\.accepts-UZLkgsfU',
37 silly reify   'C:\\Users\\yokes\\Desktop\\TransitX\\backend\\node_modules\\body-parser': 'C:\\Users\\yokes\\Desktop\\TransitX\\backend\\node_modules\\.body-parser-VSSfrn0T',
37 silly reify   'C:\\Users\\yokes\\Desktop\\TransitX\\backend\\node_modules\\content-disposition': 'C:\\Users\\yokes\\Desktop\\TransitX\\backend\\node_modules\\.content-disposition-FMC1Qv3v',
37 silly reify   'C:\\Users\\yokes\\Desktop\\TransitX\\backend\\node_modules\\cookie-signature': 'C:\\Users\\yokes\\Desktop\\TransitX\\backend\\node_modules\\.cookie-signature-RjsgpW6d',
37 silly reify   'C:\\Users\\yokes\\Desktop\\TransitX\\backend\\node_modules\\debug': 'C:\\Users\\yokes\\Desktop\\TransitX\\backend\\node_modules\\.debug-m6Xlwlwg',
37 silly reify   'C:\\Users\\yokes\\Desktop\\TransitX\\backend\\node_modules\\express': 'C:\\Users\\yokes\\Desktop\\TransitX\\backend\\node_modules\\.express-kIbAOo7L',
37 silly reify   'C:\\Users\\yokes\\Desktop\\TransitX\\backend\\node_modules\\finalhandler': 'C:\\Users\\yokes\\Desktop\\TransitX\\backend\\node_modules\\.finalhandler-2ysafDFo',
37 silly reify   'C:\\Users\\yokes\\Desktop\\TransitX\\backend\\node_modules\\fresh': 'C:\\Users\\yokes\\Desktop\\TransitX\\backend\\node_modules\\.fresh-za12s24n',
37 silly reify   'C:\\Users\\yokes\\Desktop\\TransitX\\backend\\node_modules\\is-promise': 'C:\\Users\\yokes\\Desktop\\TransitX\\backend\\node_modules\\.is-promise-ba1goKnk',
37 silly reify   'C:\\Users\\yokes\\Desktop\\TransitX\\backend\\node_modules\\media-typer': 'C:\\Users\\yokes\\Desktop\\TransitX\\backend\\node_modules\\.media-typer-3bHtOiLh',
37 silly reify   'C:\\Users\\yokes\\Desktop\\TransitX\\backend\\node_modules\\merge-descriptors': 'C:\\Users\\yokes\\Desktop\\TransitX\\backend\\node_modules\\.merge-descriptors-2wHzGT7T',
37 silly reify   'C:\\Users\\yokes\\Desktop\\TransitX\\backend\\node_modules\\mime-db': 'C:\\Users\\yokes\\Desktop\\TransitX\\backend\\node_modules\\.mime-db-YYY9U9cN',
37 silly reify   'C:\\Users\\yokes\\Desktop\\TransitX\\backend\\node_modules\\mime-types': 'C:\\Users\\yokes\\Desktop\\TransitX\\backend\\node_modules\\.mime-types-yn7T4r5b',
37 silly reify   'C:\\Users\\yokes\\Desktop\\TransitX\\backend\\node_modules\\negotiator': 'C:\\Users\\yokes\\Desktop\\TransitX\\backend\\node_modules\\.negotiator-MIG34Nl9',
37 silly reify   'C:\\Users\\yokes\\Desktop\\TransitX\\backend\\node_modules\\once': 'C:\\Users\\yokes\\Desktop\\TransitX\\backend\\node_modules\\.once-DTun18H9',
37 silly reify   'C:\\Users\\yokes\\Desktop\\TransitX\\backend\\node_modules\\path-to-regexp': 'C:\\Users\\yokes\\Desktop\\TransitX\\backend\\node_modules\\.path-to-regexp-mHgOT8zO',
37 silly reify   'C:\\Users\\yokes\\Desktop\\TransitX\\backend\\node_modules\\range-parser': 'C:\\Users\\yokes\\Desktop\\TransitX\\backend\\node_modules\\.range-parser-xmlPaJ88',
37 silly reify   'C:\\Users\\yokes\\Desktop\\TransitX\\backend\\node_modules\\raw-body': 'C:\\Users\\yokes\\Desktop\\TransitX\\backend\\node_modules\\.raw-body-xYuoKe6g',
37 silly reify   'C:\\Users\\yokes\\Desktop\\TransitX\\backend\\node_modules\\router': 'C:\\Users\\yokes\\Desktop\\TransitX\\backend\\node_modules\\.router-Q3yeAD73',
37 silly reify   'C:\\Users\\yokes\\Desktop\\TransitX\\backend\\node_modules\\send': 'C:\\Users\\yokes\\Desktop\\TransitX\\backend\\node_modules\\.send-osbKgOL3',
37 silly reify   'C:\\Users\\yokes\\Desktop\\TransitX\\backend\\node_modules\\serve-static': 'C:\\Users\\yokes\\Desktop\\TransitX\\backend\\node_modules\\.serve-static-aM7YhJOg',
37 silly reify   'C:\\Users\\yokes\\Desktop\\TransitX\\backend\\node_modules\\type-is': 'C:\\Users\\yokes\\Desktop\\TransitX\\backend\\node_modules\\.type-is-UNiTFFCN',
37 silly reify   'C:\\Users\\yokes\\Desktop\\TransitX\\backend\\node_modules\\wrappy': 'C:\\Users\\yokes\\Desktop\\TransitX\\backend\\node_modules\\.wrappy-NoVYUxfQ'
37 silly reify }
38 silly audit bulk request {
38 silly audit   '@types/node': [ '26.1.1' ],
38 silly audit   accepts: [ '1.3.8' ],
38 silly audit   anymatch: [ '3.1.3' ],
38 silly audit   'array-flatten': [ '1.1.1' ],
38 silly audit   'aws-ssl-profiles': [ '1.1.2' ],
38 silly audit   'balanced-match': [ '1.0.2' ],
38 silly audit   'binary-extensions': [ '2.3.0' ],
38 silly audit   'body-parser': [ '1.20.6' ],
38 silly audit   debug: [ '2.6.9', '3.2.7' ],
38 silly audit   'iconv-lite': [ '0.4.24', '0.7.3' ],
38 silly audit   ms: [ '2.0.0', '2.1.3' ],
38 silly audit   'brace-expansion': [ '1.1.16' ],
38 silly audit   braces: [ '3.0.3' ],
38 silly audit   bytes: [ '3.1.2' ],
38 silly audit   'call-bind-apply-helpers': [ '1.0.2' ],
38 silly audit   'call-bound': [ '1.0.4' ],
38 silly audit   chokidar: [ '3.6.0' ],
38 silly audit   'concat-map': [ '0.0.1' ],
38 silly audit   'content-disposition': [ '0.5.4' ],
38 silly audit   'content-type': [ '1.0.5' ],
38 silly audit   cookie: [ '0.7.2' ],
38 silly audit   'cookie-signature': [ '1.0.7' ],
38 silly audit   cors: [ '2.8.6' ],
38 silly audit   denque: [ '2.1.0' ],
38 silly audit   depd: [ '2.0.0' ],
38 silly audit   destroy: [ '1.2.0' ],
38 silly audit   dotenv: [ '16.6.1' ],
38 silly audit   'dunder-proto': [ '1.0.1' ],
38 silly audit   'ee-first': [ '1.1.1' ],
38 silly audit   encodeurl: [ '2.0.0' ],
38 silly audit   'es-define-property': [ '1.0.1' ],
38 silly audit   'es-errors': [ '1.3.0' ],
38 silly audit   'es-object-atoms': [ '1.1.2' ],
38 silly audit   'escape-html': [ '1.0.3' ],
38 silly audit   etag: [ '1.8.1' ],
38 silly audit   express: [ '4.22.2' ],
38 silly audit   'fill-range': [ '7.1.1' ],
38 silly audit   finalhandler: [ '1.3.2' ],
38 silly audit   forwarded: [ '0.2.0' ],
38 silly audit   fresh: [ '0.5.2' ],
38 silly audit   fsevents: [ '2.3.3' ],
38 silly audit   'function-bind': [ '1.1.2' ],
38 silly audit   'generate-function': [ '2.3.1' ],
38 silly audit   'get-intrinsic': [ '1.3.0' ],
38 silly audit   'get-proto': [ '1.0.1' ],
38 silly audit   'glob-parent': [ '5.1.2' ],
38 silly audit   gopd: [ '1.2.0' ],
38 silly audit   'has-flag': [ '3.0.0' ],
38 silly audit   'has-symbols': [ '1.1.0' ],
38 silly audit   hasown: [ '2.0.4' ],
38 silly audit   'http-errors': [ '2.0.1' ],
38 silly audit   'ignore-by-default': [ '1.0.1' ],
38 silly audit   inherits: [ '2.0.4' ],
38 silly audit   'ipaddr.js': [ '1.9.1' ],
38 silly audit   'is-binary-path': [ '2.1.0' ],
38 silly audit   'is-extglob': [ '2.1.1' ],
38 silly audit   'is-glob': [ '4.0.3' ],
38 silly audit   'is-number': [ '7.0.0' ],
38 silly audit   'is-property': [ '1.0.2' ],
38 silly audit   long: [ '5.3.2' ],
38 silly audit   'lru.min': [ '1.1.4' ],
38 silly audit   'math-intrinsics': [ '1.1.0' ],
38 silly audit   'media-typer': [ '0.3.0' ],
38 silly audit   'merge-descriptors': [ '1.0.3' ],
38 silly audit   methods: [ '1.1.2' ],
38 silly audit   mime: [ '1.6.0' ],
38 silly audit   'mime-db': [ '1.52.0' ],
38 silly audit   'mime-types': [ '2.1.35' ],
38 silly audit   minimatch: [ '3.1.5' ],
38 silly audit   mysql2: [ '3.22.6' ],
38 silly audit   'named-placeholders': [ '1.1.6' ],
38 silly audit   negotiator: [ '0.6.3' ],
38 silly audit   nodemon: [ '2.0.22' ],
38 silly audit   semver: [ '5.7.2', '7.0.0' ],
38 silly audit   'normalize-path': [ '3.0.0' ],
38 silly audit   'object-assign': [ '4.1.1' ],
38 silly audit   'object-inspect': [ '1.13.4' ],
38 silly audit   'on-finished': [ '2.4.1' ],
38 silly audit   parseurl: [ '1.3.3' ],
38 silly audit   'path-to-regexp': [ '0.1.13' ],
38 silly audit   picomatch: [ '2.3.2' ],
38 silly audit   'proxy-addr': [ '2.0.7' ],
38 silly audit   'pstree.remy': [ '1.1.8' ],
38 silly audit   qs: [ '6.15.3' ],
38 silly audit   'range-parser': [ '1.2.1' ],
38 silly audit   'raw-body': [ '2.5.3' ],
38 silly audit   readdirp: [ '3.6.0' ],
38 silly audit   'safe-buffer': [ '5.2.1' ],
38 silly audit   'safer-buffer': [ '2.1.2' ],
38 silly audit   send: [ '0.19.2' ],
38 silly audit   'serve-static': [ '1.16.3' ],
38 silly audit   setprototypeof: [ '1.2.0' ],
38 silly audit   'side-channel': [ '1.1.1' ],
38 silly audit   'side-channel-list': [ '1.0.1' ],
38 silly audit   'side-channel-map': [ '1.0.1' ],
38 silly audit   'side-channel-weakmap': [ '1.0.2' ],
38 silly audit   'simple-update-notifier': [ '1.1.0' ],
38 silly audit   'sql-escaper': [ '1.4.0' ],
38 silly audit   statuses: [ '2.0.2' ],
38 silly audit   'supports-color': [ '5.5.0' ],
38 silly audit   'to-regex-range': [ '5.0.1' ],
38 silly audit   toidentifier: [ '1.0.1' ],
38 silly audit   touch: [ '3.1.1' ],
38 silly audit   'type-is': [ '1.6.18' ],
38 silly audit   undefsafe: [ '2.0.5' ],
38 silly audit   'undici-types': [ '8.3.0' ],
38 silly audit   unpipe: [ '1.0.0' ],
38 silly audit   'utils-merge': [ '1.0.1' ],
38 silly audit   vary: [ '1.1.2' ]
38 silly audit }
39 http cache type-is@https://registry.npmjs.org/type-is/-/type-is-1.6.18.tgz 1ms (cache hit)
40 http cache utils-merge@https://registry.npmjs.org/utils-merge/-/utils-merge-1.0.1.tgz 0ms (cache hit)
41 http cache undefsafe@https://registry.npmjs.org/undefsafe/-/undefsafe-2.0.5.tgz 0ms (cache hit)
42 http cache to-regex-range@https://registry.npmjs.org/to-regex-range/-/to-regex-range-5.0.1.tgz 0ms (cache hit)
43 http cache touch@https://registry.npmjs.org/touch/-/touch-3.1.1.tgz 0ms (cache hit)
44 http cache supports-color@https://registry.npmjs.org/supports-color/-/supports-color-5.5.0.tgz 0ms (cache hit)
45 http cache undici-types@https://registry.npmjs.org/undici-types/-/undici-types-8.3.0.tgz 0ms (cache hit)
46 http cache sql-escaper@https://registry.npmjs.org/sql-escaper/-/sql-escaper-1.4.0.tgz 0ms (cache hit)
47 http cache safe-buffer@https://registry.npmjs.org/safe-buffer/-/safe-buffer-5.2.1.tgz 0ms (cache hit)
48 http cache readdirp@https://registry.npmjs.org/readdirp/-/readdirp-3.6.0.tgz 0ms (cache hit)
49 http cache pstree.remy@https://registry.npmjs.org/pstree.remy/-/pstree.remy-1.1.8.tgz 0ms (cache hit)
50 http cache picomatch@https://registry.npmjs.org/picomatch/-/picomatch-2.3.2.tgz 0ms (cache hit)
51 http cache nodemon@https://registry.npmjs.org/nodemon/-/nodemon-2.0.22.tgz 0ms (cache hit)
52 http cache simple-update-notifier@https://registry.npmjs.org/simple-update-notifier/-/simple-update-notifier-1.1.0.tgz 0ms (cache hit)
53 http cache normalize-path@https://registry.npmjs.org/normalize-path/-/normalize-path-3.0.0.tgz 0ms (cache hit)
54 http cache named-placeholders@https://registry.npmjs.org/named-placeholders/-/named-placeholders-1.1.6.tgz 0ms (cache hit)
55 http cache minimatch@https://registry.npmjs.org/minimatch/-/minimatch-3.1.5.tgz 0ms (cache hit)
56 http cache mysql2@https://registry.npmjs.org/mysql2/-/mysql2-3.22.6.tgz 0ms (cache hit)
57 http cache mime@https://registry.npmjs.org/mime/-/mime-1.6.0.tgz 0ms (cache hit)
58 http cache lru.min@https://registry.npmjs.org/lru.min/-/lru.min-1.1.4.tgz 0ms (cache hit)
59 http cache long@https://registry.npmjs.org/long/-/long-5.3.2.tgz 0ms (cache hit)
60 http cache methods@https://registry.npmjs.org/methods/-/methods-1.1.2.tgz 0ms (cache hit)
61 http cache is-number@https://registry.npmjs.org/is-number/-/is-number-7.0.0.tgz 0ms (cache hit)
62 http cache is-property@https://registry.npmjs.org/is-property/-/is-property-1.0.2.tgz 0ms (cache hit)
63 http cache is-glob@https://registry.npmjs.org/is-glob/-/is-glob-4.0.3.tgz 0ms (cache hit)
64 http cache has-flag@https://registry.npmjs.org/has-flag/-/has-flag-3.0.0.tgz 0ms (cache hit)
65 http cache is-extglob@https://registry.npmjs.org/is-extglob/-/is-extglob-2.1.1.tgz 0ms (cache hit)
66 http cache ignore-by-default@https://registry.npmjs.org/ignore-by-default/-/ignore-by-default-1.0.1.tgz 0ms (cache hit)
67 http cache is-binary-path@https://registry.npmjs.org/is-binary-path/-/is-binary-path-2.1.0.tgz 0ms (cache hit)
68 http cache glob-parent@https://registry.npmjs.org/glob-parent/-/glob-parent-5.1.2.tgz 0ms (cache hit)
69 http cache generate-function@https://registry.npmjs.org/generate-function/-/generate-function-2.3.1.tgz 0ms (cache hit)
70 http cache destroy@https://registry.npmjs.org/destroy/-/destroy-1.2.0.tgz 0ms (cache hit)
71 http cache fill-range@https://registry.npmjs.org/fill-range/-/fill-range-7.1.1.tgz 0ms (cache hit)
72 http cache dotenv@https://registry.npmjs.org/dotenv/-/dotenv-16.6.1.tgz 0ms (cache hit)
73 http cache concat-map@https://registry.npmjs.org/concat-map/-/concat-map-0.0.1.tgz 0ms (cache hit)
74 http cache denque@https://registry.npmjs.org/denque/-/denque-2.1.0.tgz 0ms (cache hit)
75 http cache braces@https://registry.npmjs.org/braces/-/braces-3.0.3.tgz 0ms (cache hit)
76 http cache chokidar@https://registry.npmjs.org/chokidar/-/chokidar-3.6.0.tgz 0ms (cache hit)
77 http cache brace-expansion@https://registry.npmjs.org/brace-expansion/-/brace-expansion-1.1.16.tgz 0ms (cache hit)
78 http cache balanced-match@https://registry.npmjs.org/balanced-match/-/balanced-match-1.0.2.tgz 0ms (cache hit)
79 http cache binary-extensions@https://registry.npmjs.org/binary-extensions/-/binary-extensions-2.3.0.tgz 0ms (cache hit)
80 http cache aws-ssl-profiles@https://registry.npmjs.org/aws-ssl-profiles/-/aws-ssl-profiles-1.1.2.tgz 0ms (cache hit)
81 http cache @types/node@https://registry.npmjs.org/@types/node/-/node-26.1.1.tgz 0ms (cache hit)
82 http cache array-flatten@https://registry.npmjs.org/array-flatten/-/array-flatten-1.1.1.tgz 0ms (cache hit)
83 http cache anymatch@https://registry.npmjs.org/anymatch/-/anymatch-3.1.3.tgz 0ms (cache hit)
84 http cache serve-static@https://registry.npmjs.org/serve-static/-/serve-static-1.16.3.tgz 0ms (cache hit)
85 http cache send@https://registry.npmjs.org/send/-/send-0.19.2.tgz 0ms (cache hit)
86 http cache range-parser@https://registry.npmjs.org/range-parser/-/range-parser-1.2.1.tgz 0ms (cache hit)
87 silly tarball no local data for type-is@https://registry.npmjs.org/type-is/-/type-is-1.6.18.tgz. Extracting by manifest.
88 http cache raw-body@https://registry.npmjs.org/raw-body/-/raw-body-2.5.3.tgz 0ms (cache hit)
89 http cache path-to-regexp@https://registry.npmjs.org/path-to-regexp/-/path-to-regexp-0.1.13.tgz 0ms (cache hit)
90 http cache negotiator@https://registry.npmjs.org/negotiator/-/negotiator-0.6.3.tgz 0ms (cache hit)
91 http cache merge-descriptors@https://registry.npmjs.org/merge-descriptors/-/merge-descriptors-1.0.3.tgz 0ms (cache hit)
92 http cache mime-types@https://registry.npmjs.org/mime-types/-/mime-types-2.1.35.tgz 0ms (cache hit)
93 http cache media-typer@https://registry.npmjs.org/media-typer/-/media-typer-0.3.0.tgz 0ms (cache hit)
94 http cache mime-db@https://registry.npmjs.org/mime-db/-/mime-db-1.52.0.tgz 0ms (cache hit)
95 http cache finalhandler@https://registry.npmjs.org/finalhandler/-/finalhandler-1.3.2.tgz 0ms (cache hit)
96 http cache fresh@https://registry.npmjs.org/fresh/-/fresh-0.5.2.tgz 0ms (cache hit)
97 http cache express@https://registry.npmjs.org/express/-/express-4.22.2.tgz 0ms (cache hit)
98 http cache cookie-signature@https://registry.npmjs.org/cookie-signature/-/cookie-signature-1.0.7.tgz 0ms (cache hit)
99 http cache content-disposition@https://registry.npmjs.org/content-disposition/-/content-disposition-0.5.4.tgz 0ms (cache hit)
100 http cache body-parser@https://registry.npmjs.org/body-parser/-/body-parser-1.20.6.tgz 0ms (cache hit)
101 http cache accepts@https://registry.npmjs.org/accepts/-/accepts-1.3.8.tgz 0ms (cache hit)
102 http cache semver@https://registry.npmjs.org/semver/-/semver-7.0.0.tgz 0ms (cache hit)
103 http cache semver@https://registry.npmjs.org/semver/-/semver-5.7.2.tgz 0ms (cache hit)
104 http cache debug@https://registry.npmjs.org/debug/-/debug-3.2.7.tgz 0ms (cache hit)
105 http cache debug@https://registry.npmjs.org/debug/-/debug-2.6.9.tgz 0ms (cache hit)
106 http cache iconv-lite@https://registry.npmjs.org/iconv-lite/-/iconv-lite-0.4.24.tgz 0ms (cache hit)
107 http cache ms@https://registry.npmjs.org/ms/-/ms-2.0.0.tgz 0ms (cache hit)
108 http cache ms@https://registry.npmjs.org/ms/-/ms-2.0.0.tgz 0ms (cache hit)
109 http cache ms@https://registry.npmjs.org/ms/-/ms-2.0.0.tgz 0ms (cache hit)
110 http cache debug@https://registry.npmjs.org/debug/-/debug-2.6.9.tgz 0ms (cache hit)
111 http cache debug@https://registry.npmjs.org/debug/-/debug-2.6.9.tgz 0ms (cache hit)
112 http cache ms@https://registry.npmjs.org/ms/-/ms-2.0.0.tgz 0ms (cache hit)
113 silly tarball no local data for utils-merge@https://registry.npmjs.org/utils-merge/-/utils-merge-1.0.1.tgz. Extracting by manifest.
114 silly tarball no local data for undefsafe@https://registry.npmjs.org/undefsafe/-/undefsafe-2.0.5.tgz. Extracting by manifest.
115 http cache iconv-lite@https://registry.npmjs.org/iconv-lite/-/iconv-lite-0.4.24.tgz 0ms (cache hit)
116 http cache debug@https://registry.npmjs.org/debug/-/debug-2.6.9.tgz 0ms (cache hit)
117 silly tarball no local data for to-regex-range@https://registry.npmjs.org/to-regex-range/-/to-regex-range-5.0.1.tgz. Extracting by manifest.
118 silly tarball no local data for touch@https://registry.npmjs.org/touch/-/touch-3.1.1.tgz. Extracting by manifest.
119 silly tarball no local data for supports-color@https://registry.npmjs.org/supports-color/-/supports-color-5.5.0.tgz. Extracting by manifest.
120 silly tarball no local data for undici-types@https://registry.npmjs.org/undici-types/-/undici-types-8.3.0.tgz. Extracting by manifest.
121 silly tarball no local data for sql-escaper@https://registry.npmjs.org/sql-escaper/-/sql-escaper-1.4.0.tgz. Extracting by manifest.
122 silly tarball no local data for safe-buffer@https://registry.npmjs.org/safe-buffer/-/safe-buffer-5.2.1.tgz. Extracting by manifest.
123 silly tarball no local data for readdirp@https://registry.npmjs.org/readdirp/-/readdirp-3.6.0.tgz. Extracting by manifest.
124 silly tarball no local data for pstree.remy@https://registry.npmjs.org/pstree.remy/-/pstree.remy-1.1.8.tgz. Extracting by manifest.
125 silly tarball no local data for picomatch@https://registry.npmjs.org/picomatch/-/picomatch-2.3.2.tgz. Extracting by manifest.
126 silly tarball no local data for nodemon@https://registry.npmjs.org/nodemon/-/nodemon-2.0.22.tgz. Extracting by manifest.
127 silly tarball no local data for simple-update-notifier@https://registry.npmjs.org/simple-update-notifier/-/simple-update-notifier-1.1.0.tgz. Extracting by manifest.
128 silly tarball no local data for normalize-path@https://registry.npmjs.org/normalize-path/-/normalize-path-3.0.0.tgz. Extracting by manifest.
129 silly tarball no local data for named-placeholders@https://registry.npmjs.org/named-placeholders/-/named-placeholders-1.1.6.tgz. Extracting by manifest.
130 silly tarball no local data for minimatch@https://registry.npmjs.org/minimatch/-/minimatch-3.1.5.tgz. Extracting by manifest.
131 silly tarball no local data for mysql2@https://registry.npmjs.org/mysql2/-/mysql2-3.22.6.tgz. Extracting by manifest.
132 silly tarball no local data for mime@https://registry.npmjs.org/mime/-/mime-1.6.0.tgz. Extracting by manifest.
133 silly tarball no local data for lru.min@https://registry.npmjs.org/lru.min/-/lru.min-1.1.4.tgz. Extracting by manifest.
134 silly tarball no local data for long@https://registry.npmjs.org/long/-/long-5.3.2.tgz. Extracting by manifest.
135 silly tarball no local data for methods@https://registry.npmjs.org/methods/-/methods-1.1.2.tgz. Extracting by manifest.
136 silly tarball no local data for is-number@https://registry.npmjs.org/is-number/-/is-number-7.0.0.tgz. Extracting by manifest.
137 silly tarball no local data for is-property@https://registry.npmjs.org/is-property/-/is-property-1.0.2.tgz. Extracting by manifest.
138 silly tarball no local data for is-glob@https://registry.npmjs.org/is-glob/-/is-glob-4.0.3.tgz. Extracting by manifest.
139 silly tarball no local data for has-flag@https://registry.npmjs.org/has-flag/-/has-flag-3.0.0.tgz. Extracting by manifest.
140 silly tarball no local data for is-extglob@https://registry.npmjs.org/is-extglob/-/is-extglob-2.1.1.tgz. Extracting by manifest.
141 silly tarball no local data for ignore-by-default@https://registry.npmjs.org/ignore-by-default/-/ignore-by-default-1.0.1.tgz. Extracting by manifest.
142 silly tarball no local data for is-binary-path@https://registry.npmjs.org/is-binary-path/-/is-binary-path-2.1.0.tgz. Extracting by manifest.
143 silly tarball no local data for glob-parent@https://registry.npmjs.org/glob-parent/-/glob-parent-5.1.2.tgz. Extracting by manifest.
144 silly tarball no local data for generate-function@https://registry.npmjs.org/generate-function/-/generate-function-2.3.1.tgz. Extracting by manifest.
145 silly tarball no local data for destroy@https://registry.npmjs.org/destroy/-/destroy-1.2.0.tgz. Extracting by manifest.
146 silly tarball no local data for fill-range@https://registry.npmjs.org/fill-range/-/fill-range-7.1.1.tgz. Extracting by manifest.
147 silly tarball no local data for dotenv@https://registry.npmjs.org/dotenv/-/dotenv-16.6.1.tgz. Extracting by manifest.
148 silly tarball no local data for concat-map@https://registry.npmjs.org/concat-map/-/concat-map-0.0.1.tgz. Extracting by manifest.
149 silly tarball no local data for denque@https://registry.npmjs.org/denque/-/denque-2.1.0.tgz. Extracting by manifest.
150 silly tarball no local data for braces@https://registry.npmjs.org/braces/-/braces-3.0.3.tgz. Extracting by manifest.
151 silly tarball no local data for chokidar@https://registry.npmjs.org/chokidar/-/chokidar-3.6.0.tgz. Extracting by manifest.
152 silly tarball no local data for brace-expansion@https://registry.npmjs.org/brace-expansion/-/brace-expansion-1.1.16.tgz. Extracting by manifest.
153 silly tarball no local data for balanced-match@https://registry.npmjs.org/balanced-match/-/balanced-match-1.0.2.tgz. Extracting by manifest.
154 silly tarball no local data for binary-extensions@https://registry.npmjs.org/binary-extensions/-/binary-extensions-2.3.0.tgz. Extracting by manifest.
155 silly tarball no local data for aws-ssl-profiles@https://registry.npmjs.org/aws-ssl-profiles/-/aws-ssl-profiles-1.1.2.tgz. Extracting by manifest.
156 silly tarball no local data for @types/node@https://registry.npmjs.org/@types/node/-/node-26.1.1.tgz. Extracting by manifest.
157 silly tarball no local data for array-flatten@https://registry.npmjs.org/array-flatten/-/array-flatten-1.1.1.tgz. Extracting by manifest.
158 silly tarball no local data for anymatch@https://registry.npmjs.org/anymatch/-/anymatch-3.1.3.tgz. Extracting by manifest.
159 silly tarball no local data for serve-static@https://registry.npmjs.org/serve-static/-/serve-static-1.16.3.tgz. Extracting by manifest.
160 silly tarball no local data for send@https://registry.npmjs.org/send/-/send-0.19.2.tgz. Extracting by manifest.
161 silly tarball no local data for range-parser@https://registry.npmjs.org/range-parser/-/range-parser-1.2.1.tgz. Extracting by manifest.
162 silly tarball no local data for raw-body@https://registry.npmjs.org/raw-body/-/raw-body-2.5.3.tgz. Extracting by manifest.
163 silly tarball no local data for path-to-regexp@https://registry.npmjs.org/path-to-regexp/-/path-to-regexp-0.1.13.tgz. Extracting by manifest.
164 silly tarball no local data for negotiator@https://registry.npmjs.org/negotiator/-/negotiator-0.6.3.tgz. Extracting by manifest.
165 silly tarball no local data for merge-descriptors@https://registry.npmjs.org/merge-descriptors/-/merge-descriptors-1.0.3.tgz. Extracting by manifest.
166 silly tarball no local data for mime-types@https://registry.npmjs.org/mime-types/-/mime-types-2.1.35.tgz. Extracting by manifest.
167 silly tarball no local data for media-typer@https://registry.npmjs.org/media-typer/-/media-typer-0.3.0.tgz. Extracting by manifest.
168 silly tarball no local data for mime-db@https://registry.npmjs.org/mime-db/-/mime-db-1.52.0.tgz. Extracting by manifest.
169 silly tarball no local data for finalhandler@https://registry.npmjs.org/finalhandler/-/finalhandler-1.3.2.tgz. Extracting by manifest.
170 silly tarball no local data for fresh@https://registry.npmjs.org/fresh/-/fresh-0.5.2.tgz. Extracting by manifest.
171 silly tarball no local data for express@https://registry.npmjs.org/express/-/express-4.22.2.tgz. Extracting by manifest.
172 silly tarball no local data for cookie-signature@https://registry.npmjs.org/cookie-signature/-/cookie-signature-1.0.7.tgz. Extracting by manifest.
173 silly tarball no local data for content-disposition@https://registry.npmjs.org/content-disposition/-/content-disposition-0.5.4.tgz. Extracting by manifest.
174 silly tarball no local data for body-parser@https://registry.npmjs.org/body-parser/-/body-parser-1.20.6.tgz. Extracting by manifest.
175 silly tarball no local data for accepts@https://registry.npmjs.org/accepts/-/accepts-1.3.8.tgz. Extracting by manifest.
176 silly tarball no local data for semver@https://registry.npmjs.org/semver/-/semver-7.0.0.tgz. Extracting by manifest.
177 silly tarball no local data for semver@https://registry.npmjs.org/semver/-/semver-5.7.2.tgz. Extracting by manifest.
178 silly tarball no local data for debug@https://registry.npmjs.org/debug/-/debug-3.2.7.tgz. Extracting by manifest.
179 silly tarball no local data for debug@https://registry.npmjs.org/debug/-/debug-2.6.9.tgz. Extracting by manifest.
180 silly tarball no local data for iconv-lite@https://registry.npmjs.org/iconv-lite/-/iconv-lite-0.4.24.tgz. Extracting by manifest.
181 silly tarball no local data for ms@https://registry.npmjs.org/ms/-/ms-2.0.0.tgz. Extracting by manifest.
182 silly tarball no local data for ms@https://registry.npmjs.org/ms/-/ms-2.0.0.tgz. Extracting by manifest.
183 silly tarball no local data for ms@https://registry.npmjs.org/ms/-/ms-2.0.0.tgz. Extracting by manifest.
184 silly tarball no local data for debug@https://registry.npmjs.org/debug/-/debug-2.6.9.tgz. Extracting by manifest.
185 silly tarball no local data for debug@https://registry.npmjs.org/debug/-/debug-2.6.9.tgz. Extracting by manifest.
186 silly tarball no local data for ms@https://registry.npmjs.org/ms/-/ms-2.0.0.tgz. Extracting by manifest.
187 silly tarball no local data for iconv-lite@https://registry.npmjs.org/iconv-lite/-/iconv-lite-0.4.24.tgz. Extracting by manifest.
188 silly tarball no local data for debug@https://registry.npmjs.org/debug/-/debug-2.6.9.tgz. Extracting by manifest.
189 http fetch GET 200 https://registry.npmjs.org/supports-color/-/supports-color-5.5.0.tgz 413ms (cache miss)
190 http fetch GET 200 https://registry.npmjs.org/named-placeholders/-/named-placeholders-1.1.6.tgz 413ms (cache miss)
191 http fetch GET 200 https://registry.npmjs.org/type-is/-/type-is-1.6.18.tgz 438ms (cache miss)
192 http fetch GET 200 https://registry.npmjs.org/touch/-/touch-3.1.1.tgz 429ms (cache miss)
193 http fetch GET 200 https://registry.npmjs.org/normalize-path/-/normalize-path-3.0.0.tgz 428ms (cache miss)
194 http fetch GET 200 https://registry.npmjs.org/is-glob/-/is-glob-4.0.3.tgz 446ms (cache miss)
195 http fetch GET 200 https://registry.npmjs.org/is-property/-/is-property-1.0.2.tgz 455ms (cache miss)
196 http fetch GET 200 https://registry.npmjs.org/is-number/-/is-number-7.0.0.tgz 464ms (cache miss)
197 http fetch GET 200 https://registry.npmjs.org/has-flag/-/has-flag-3.0.0.tgz 465ms (cache miss)
198 http fetch GET 200 https://registry.npmjs.org/readdirp/-/readdirp-3.6.0.tgz 482ms (cache miss)
199 http fetch POST 200 https://registry.npmjs.org/-/npm/v1/security/advisories/bulk 584ms
200 silly audit report {
200 silly audit report   semver: [
200 silly audit report     {
200 silly audit report       id: 1112921,
200 silly audit report       url: 'https://github.com/advisories/GHSA-c2qf-rxjj-qqgw',
200 silly audit report       title: 'semver vulnerable to Regular Expression Denial of Service',
200 silly audit report       severity: 'high',
200 silly audit report       vulnerable_versions: '>=7.0.0 <7.5.2',
200 silly audit report       cwe: [Array],
200 silly audit report       cvss: [Object]
200 silly audit report     }
200 silly audit report   ]
200 silly audit report }
201 silly packumentCache corgi:https://registry.npmjs.org/semver cache-miss
202 http fetch GET 200 https://registry.npmjs.org/is-extglob/-/is-extglob-2.1.1.tgz 496ms (cache miss)
203 http fetch GET 200 https://registry.npmjs.org/ignore-by-default/-/ignore-by-default-1.0.1.tgz 497ms (cache miss)
204 http fetch GET 200 https://registry.npmjs.org/safe-buffer/-/safe-buffer-5.2.1.tgz 517ms (cache miss)
205 http fetch GET 200 https://registry.npmjs.org/minimatch/-/minimatch-3.1.5.tgz 511ms (cache miss)
206 http fetch GET 200 https://registry.npmjs.org/glob-parent/-/glob-parent-5.1.2.tgz 509ms (cache miss)
207 http fetch GET 200 https://registry.npmjs.org/undefsafe/-/undefsafe-2.0.5.tgz 529ms (cache miss)
208 http fetch GET 200 https://registry.npmjs.org/lru.min/-/lru.min-1.1.4.tgz 521ms (cache miss)
209 http fetch GET 200 https://registry.npmjs.org/destroy/-/destroy-1.2.0.tgz 517ms (cache miss)
210 http fetch GET 200 https://registry.npmjs.org/sql-escaper/-/sql-escaper-1.4.0.tgz 565ms (cache miss)
211 http fetch GET 200 https://registry.npmjs.org/denque/-/denque-2.1.0.tgz 562ms (cache miss)
212 http fetch GET 200 https://registry.npmjs.org/generate-function/-/generate-function-2.3.1.tgz 569ms (cache miss)
213 http fetch GET 200 https://registry.npmjs.org/concat-map/-/concat-map-0.0.1.tgz 567ms (cache miss)
214 http fetch GET 200 https://registry.npmjs.org/pstree.remy/-/pstree.remy-1.1.8.tgz 587ms (cache miss)
215 http fetch GET 200 https://registry.npmjs.org/balanced-match/-/balanced-match-1.0.2.tgz 586ms (cache miss)
216 http fetch GET 200 https://registry.npmjs.org/methods/-/methods-1.1.2.tgz 609ms (cache miss)
217 http fetch GET 200 https://registry.npmjs.org/long/-/long-5.3.2.tgz 615ms (cache miss)
218 http fetch GET 200 https://registry.npmjs.org/picomatch/-/picomatch-2.3.2.tgz 622ms (cache miss)
219 http fetch GET 200 https://registry.npmjs.org/anymatch/-/anymatch-3.1.3.tgz 615ms (cache miss)
220 http fetch GET 200 https://registry.npmjs.org/binary-extensions/-/binary-extensions-2.3.0.tgz 623ms (cache miss)
221 http fetch GET 200 https://registry.npmjs.org/array-flatten/-/array-flatten-1.1.1.tgz 668ms (cache miss)
222 http fetch GET 200 https://registry.npmjs.org/fill-range/-/fill-range-7.1.1.tgz 702ms (cache miss)
223 http fetch GET 200 https://registry.npmjs.org/braces/-/braces-3.0.3.tgz 701ms (cache miss)
224 http fetch GET 200 https://registry.npmjs.org/chokidar/-/chokidar-3.6.0.tgz 701ms (cache miss)
225 http fetch GET 200 https://registry.npmjs.org/send/-/send-0.19.2.tgz 697ms (cache miss)
226 http fetch GET 200 https://registry.npmjs.org/range-parser/-/range-parser-1.2.1.tgz 699ms (cache miss)
227 http fetch GET 200 https://registry.npmjs.org/path-to-regexp/-/path-to-regexp-0.1.13.tgz 697ms (cache miss)
228 http fetch GET 200 https://registry.npmjs.org/dotenv/-/dotenv-16.6.1.tgz 745ms (cache miss)
229 http fetch GET 200 https://registry.npmjs.org/mime-types/-/mime-types-2.1.35.tgz 733ms (cache miss)
230 http fetch GET 200 https://registry.npmjs.org/raw-body/-/raw-body-2.5.3.tgz 747ms (cache miss)
231 http fetch GET 200 https://registry.npmjs.org/media-typer/-/media-typer-0.3.0.tgz 746ms (cache miss)
232 http fetch GET 200 https://registry.npmjs.org/merge-descriptors/-/merge-descriptors-1.0.3.tgz 748ms (cache miss)
233 http fetch GET 200 https://registry.npmjs.org/utils-merge/-/utils-merge-1.0.1.tgz 798ms (cache miss)
234 http fetch GET 200 https://registry.npmjs.org/fresh/-/fresh-0.5.2.tgz 764ms (cache miss)
235 http fetch GET 200 https://registry.npmjs.org/cookie-signature/-/cookie-signature-1.0.7.tgz 767ms (cache miss)
236 http fetch GET 200 https://registry.npmjs.org/simple-update-notifier/-/simple-update-notifier-1.1.0.tgz 808ms (cache miss)
237 http fetch GET 200 https://registry.npmjs.org/accepts/-/accepts-1.3.8.tgz 785ms (cache miss)
238 http fetch GET 200 https://registry.npmjs.org/to-regex-range/-/to-regex-range-5.0.1.tgz 828ms (cache miss)
239 http fetch GET 200 https://registry.npmjs.org/finalhandler/-/finalhandler-1.3.2.tgz 800ms (cache miss)
240 http fetch GET 200 https://registry.npmjs.org/content-disposition/-/content-disposition-0.5.4.tgz 806ms (cache miss)
241 http fetch GET 200 https://registry.npmjs.org/mime-db/-/mime-db-1.52.0.tgz 811ms (cache miss)
242 http fetch GET 200 https://registry.npmjs.org/aws-ssl-profiles/-/aws-ssl-profiles-1.1.2.tgz 827ms (cache miss)
243 http fetch GET 200 https://registry.npmjs.org/ms/-/ms-2.0.0.tgz 817ms (cache miss)
244 http fetch GET 200 https://registry.npmjs.org/ms/-/ms-2.0.0.tgz 829ms (cache miss)
245 http fetch GET 200 https://registry.npmjs.org/semver/-/semver-5.7.2.tgz 848ms (cache miss)
246 http fetch GET 200 https://registry.npmjs.org/brace-expansion/-/brace-expansion-1.1.16.tgz 873ms (cache miss)
247 http fetch GET 200 https://registry.npmjs.org/ms/-/ms-2.0.0.tgz 848ms (cache miss)
248 http fetch GET 200 https://registry.npmjs.org/serve-static/-/serve-static-1.16.3.tgz 891ms (cache miss)
249 http fetch GET 200 https://registry.npmjs.org/negotiator/-/negotiator-0.6.3.tgz 916ms (cache miss)
250 http fetch GET 200 https://registry.npmjs.org/debug/-/debug-2.6.9.tgz 913ms (cache miss)
251 http fetch GET 200 https://registry.npmjs.org/debug/-/debug-2.6.9.tgz 928ms (cache miss)
252 http fetch GET 200 https://registry.npmjs.org/debug/-/debug-2.6.9.tgz 951ms (cache miss)
253 http fetch GET 200 https://registry.npmjs.org/mime/-/mime-1.6.0.tgz 1003ms (cache miss)
254 http fetch GET 200 https://registry.npmjs.org/debug/-/debug-2.6.9.tgz 972ms (cache miss)
255 http fetch GET 200 https://registry.npmjs.org/express/-/express-4.22.2.tgz 991ms (cache miss)
256 http fetch GET 200 https://registry.npmjs.org/undici-types/-/undici-types-8.3.0.tgz 1027ms (cache miss)
257 http fetch GET 200 https://registry.npmjs.org/body-parser/-/body-parser-1.20.6.tgz 1002ms (cache miss)
258 http fetch GET 200 https://registry.npmjs.org/debug/-/debug-3.2.7.tgz 1014ms (cache miss)
259 http fetch GET 200 https://registry.npmjs.org/iconv-lite/-/iconv-lite-0.4.24.tgz 1019ms (cache miss)
260 http fetch GET 200 https://registry.npmjs.org/semver/-/semver-7.0.0.tgz 1053ms (cache miss)
261 http fetch GET 200 https://registry.npmjs.org/semver 646ms (cache miss)
262 silly packumentCache corgi:https://registry.npmjs.org/semver set size:undefined disposed:false
263 silly packumentCache corgi:https://registry.npmjs.org/simple-update-notifier cache-miss
264 http fetch GET 200 https://registry.npmjs.org/simple-update-notifier 48ms (cache miss)
265 silly packumentCache corgi:https://registry.npmjs.org/simple-update-notifier set size:undefined disposed:false
266 silly packumentCache corgi:https://registry.npmjs.org/nodemon cache-miss
267 http fetch GET 200 https://registry.npmjs.org/@types/node/-/node-26.1.1.tgz 1271ms (cache miss)
268 http fetch GET 200 https://registry.npmjs.org/mysql2/-/mysql2-3.22.6.tgz 1371ms (cache miss)
269 http fetch GET 200 https://registry.npmjs.org/ms/-/ms-2.0.0.tgz 1483ms (cache miss)
270 http fetch GET 200 https://registry.npmjs.org/nodemon 327ms (cache miss)
271 silly packumentCache corgi:https://registry.npmjs.org/nodemon set size:undefined disposed:false
272 http fetch GET 200 https://registry.npmjs.org/is-binary-path/-/is-binary-path-2.1.0.tgz 1895ms (cache miss)
273 http fetch GET 200 https://registry.npmjs.org/nodemon/-/nodemon-2.0.22.tgz 2134ms (cache miss)
274 http fetch GET 200 https://registry.npmjs.org/iconv-lite/-/iconv-lite-0.4.24.tgz 2671ms (cache miss)
275 silly ADD node_modules/utils-merge
276 silly ADD node_modules/undici-types
277 silly ADD node_modules/undefsafe
278 silly ADD node_modules/touch
279 silly ADD node_modules/to-regex-range
280 silly ADD node_modules/supports-color
281 silly ADD node_modules/sql-escaper
282 silly ADD node_modules/simple-update-notifier
283 silly ADD node_modules/simple-update-notifier/node_modules/semver
284 silly ADD node_modules/safe-buffer
285 silly ADD node_modules/readdirp
286 silly ADD node_modules/pstree.remy
287 silly ADD node_modules/picomatch
288 silly ADD node_modules/normalize-path
289 silly ADD node_modules/nodemon
290 silly ADD node_modules/nodemon/node_modules/semver
291 silly ADD node_modules/nodemon/node_modules/debug
292 silly ADD node_modules/named-placeholders
293 silly ADD node_modules/mysql2
294 silly ADD node_modules/minimatch
295 silly ADD node_modules/mime
296 silly ADD node_modules/methods
297 silly ADD node_modules/lru.min
298 silly ADD node_modules/long
299 silly ADD node_modules/is-property
300 silly ADD node_modules/is-number
301 silly ADD node_modules/is-glob
302 silly ADD node_modules/is-extglob
303 silly ADD node_modules/is-binary-path
304 silly ADD node_modules/ignore-by-default
305 silly ADD node_modules/has-flag
306 silly ADD node_modules/glob-parent
307 silly ADD node_modules/generate-function
308 silly ADD node_modules/fill-range
309 silly ADD node_modules/dotenv
310 silly ADD node_modules/destroy
311 silly ADD node_modules/denque
312 silly ADD node_modules/concat-map
313 silly ADD node_modules/chokidar
314 silly ADD node_modules/braces
315 silly ADD node_modules/brace-expansion
316 silly ADD node_modules/binary-extensions
317 silly ADD node_modules/balanced-match
318 silly ADD node_modules/aws-ssl-profiles
319 silly ADD node_modules/array-flatten
320 silly ADD node_modules/anymatch
321 silly ADD node_modules/@types/node
322 silly REMOVE node_modules/wrappy
323 silly CHANGE node_modules/type-is
324 silly REMOVE node_modules/type-is/node_modules/content-type
325 silly CHANGE node_modules/serve-static
326 silly CHANGE node_modules/send
327 silly ADD node_modules/send/node_modules/debug
328 silly ADD node_modules/send/node_modules/debug/node_modules/ms
329 silly REMOVE node_modules/router
330 silly CHANGE node_modules/raw-body
331 silly ADD node_modules/raw-body/node_modules/iconv-lite
332 silly CHANGE node_modules/range-parser
333 silly CHANGE node_modules/path-to-regexp
334 silly REMOVE node_modules/once
335 silly CHANGE node_modules/negotiator
336 silly CHANGE node_modules/mime-types
337 silly CHANGE node_modules/mime-db
338 silly CHANGE node_modules/merge-descriptors
339 silly CHANGE node_modules/media-typer
340 silly REMOVE node_modules/is-promise
341 silly CHANGE node_modules/fresh
342 silly CHANGE node_modules/finalhandler
343 silly ADD node_modules/finalhandler/node_modules/ms
344 silly ADD node_modules/finalhandler/node_modules/debug
345 silly CHANGE node_modules/express
346 silly ADD node_modules/express/node_modules/ms
347 silly ADD node_modules/express/node_modules/debug
348 silly REMOVE node_modules/debug
349 silly CHANGE node_modules/cookie-signature
350 silly CHANGE node_modules/content-disposition
351 silly CHANGE node_modules/body-parser
352 silly ADD node_modules/body-parser/node_modules/ms
353 silly ADD node_modules/body-parser/node_modules/iconv-lite
354 silly ADD node_modules/body-parser/node_modules/debug
355 silly REMOVE node_modules/body-parser/node_modules/content-type
356 silly CHANGE node_modules/accepts
357 verbose cwd C:\Users\yokes\Desktop\TransitX\backend
358 verbose os Windows_NT 10.0.26200
359 verbose node v24.12.0
360 verbose npm  v11.6.2
361 verbose exit 0
362 info ok
