0 verbose cli C:\Program Files\nodejs\node.exe C:\Program Files\nodejs\node_modules\npm\bin\npm-cli.js
1 info using npm@11.6.2
2 info using node@v24.12.0
3 silly config load:file:C:\Program Files\nodejs\node_modules\npm\npmrc
4 silly config load:file:C:\Users\yokes\Desktop\TransitX\backend\.npmrc
5 silly config load:file:C:\Users\yokes\.npmrc
6 silly config load:file:C:\Users\yokes\AppData\Roaming\npm\etc\npmrc
7 verbose title npm i cors
8 verbose argv "i" "cors"
9 verbose logfile logs-max:10 dir:C:\Users\yokes\Desktop\TransitX\backend\clean\_logs\2026-07-12T09_13_03_784Z-
10 verbose logfile C:\Users\yokes\Desktop\TransitX\backend\clean\_logs\2026-07-12T09_13_03_784Z-debug-0.log
11 silly logfile done cleaning log files
12 silly packumentCache heap:4496293888 maxSize:1124073472 maxEntrySize:562036736
13 silly idealTree buildDeps
14 silly fetch manifest cors@*
15 silly packumentCache full:https://registry.npmjs.org/cors cache-miss
16 http fetch GET 200 https://registry.npmjs.org/cors 517ms (cache miss)
17 silly packumentCache full:https://registry.npmjs.org/cors set size:undefined disposed:false
18 silly placeDep ROOT cors@2.8.6 OK for: backend@1.0.0 want: *
19 silly fetch manifest object-assign@^4
20 silly packumentCache full:https://registry.npmjs.org/object-assign cache-miss
21 http fetch GET 200 https://registry.npmjs.org/object-assign 46ms (cache miss)
22 silly packumentCache full:https://registry.npmjs.org/object-assign set size:undefined disposed:false
23 silly placeDep ROOT object-assign@4.1.1 OK for: cors@2.8.6 want: ^4
24 silly reify moves {}
25 silly audit bulk request {
25 silly audit   accepts: [ '2.0.0' ],
25 silly audit   'body-parser': [ '2.3.0' ],
25 silly audit   'content-type': [ '2.0.0', '1.0.5' ],
25 silly audit   bytes: [ '3.1.2' ],
25 silly audit   'call-bind-apply-helpers': [ '1.0.2' ],
25 silly audit   'call-bound': [ '1.0.4' ],
25 silly audit   'content-disposition': [ '1.1.0' ],
25 silly audit   cookie: [ '0.7.2' ],
25 silly audit   'cookie-signature': [ '1.2.2' ],
25 silly audit   debug: [ '4.4.3' ],
25 silly audit   depd: [ '2.0.0' ],
25 silly audit   'dunder-proto': [ '1.0.1' ],
25 silly audit   'ee-first': [ '1.1.1' ],
25 silly audit   encodeurl: [ '2.0.0' ],
25 silly audit   'es-define-property': [ '1.0.1' ],
25 silly audit   'es-errors': [ '1.3.0' ],
25 silly audit   'es-object-atoms': [ '1.1.2' ],
25 silly audit   'escape-html': [ '1.0.3' ],
25 silly audit   etag: [ '1.8.1' ],
25 silly audit   express: [ '5.2.1' ],
25 silly audit   finalhandler: [ '2.1.1' ],
25 silly audit   forwarded: [ '0.2.0' ],
25 silly audit   fresh: [ '2.0.0' ],
25 silly audit   'function-bind': [ '1.1.2' ],
25 silly audit   'get-intrinsic': [ '1.3.0' ],
25 silly audit   'get-proto': [ '1.0.1' ],
25 silly audit   gopd: [ '1.2.0' ],
25 silly audit   'has-symbols': [ '1.1.0' ],
25 silly audit   hasown: [ '2.0.4' ],
25 silly audit   'http-errors': [ '2.0.1' ],
25 silly audit   'iconv-lite': [ '0.7.3' ],
25 silly audit   inherits: [ '2.0.4' ],
25 silly audit   'ipaddr.js': [ '1.9.1' ],
25 silly audit   'is-promise': [ '4.0.0' ],
25 silly audit   'math-intrinsics': [ '1.1.0' ],
25 silly audit   'media-typer': [ '1.1.0' ],
25 silly audit   'merge-descriptors': [ '2.0.0' ],
25 silly audit   'mime-db': [ '1.54.0' ],
25 silly audit   'mime-types': [ '3.0.2' ],
25 silly audit   ms: [ '2.1.3' ],
25 silly audit   negotiator: [ '1.0.0' ],
25 silly audit   'object-inspect': [ '1.13.4' ],
25 silly audit   'on-finished': [ '2.4.1' ],
25 silly audit   once: [ '1.4.0' ],
25 silly audit   parseurl: [ '1.3.3' ],
25 silly audit   'path-to-regexp': [ '8.4.2' ],
25 silly audit   'proxy-addr': [ '2.0.7' ],
25 silly audit   qs: [ '6.15.3' ],
25 silly audit   'range-parser': [ '1.3.0' ],
25 silly audit   'raw-body': [ '3.0.2' ],
25 silly audit   router: [ '2.2.0' ],
25 silly audit   'safer-buffer': [ '2.1.2' ],
25 silly audit   send: [ '1.2.1' ],
25 silly audit   'serve-static': [ '2.2.1' ],
25 silly audit   setprototypeof: [ '1.2.0' ],
25 silly audit   'side-channel': [ '1.1.1' ],
25 silly audit   'side-channel-list': [ '1.0.1' ],
25 silly audit   'side-channel-map': [ '1.0.1' ],
25 silly audit   'side-channel-weakmap': [ '1.0.2' ],
25 silly audit   statuses: [ '2.0.2' ],
25 silly audit   toidentifier: [ '1.0.1' ],
25 silly audit   'type-is': [ '2.1.0' ],
25 silly audit   unpipe: [ '1.0.0' ],
25 silly audit   vary: [ '1.1.2' ],
25 silly audit   wrappy: [ '1.0.2' ],
25 silly audit   cors: [ '2.8.6' ],
25 silly audit   'object-assign': [ '4.1.1' ]
25 silly audit }
26 http cache object-assign@https://registry.npmjs.org/object-assign/-/object-assign-4.1.1.tgz 0ms (cache hit)
27 http cache cors@https://registry.npmjs.org/cors/-/cors-2.8.6.tgz 0ms (cache hit)
28 silly tarball no local data for object-assign@https://registry.npmjs.org/object-assign/-/object-assign-4.1.1.tgz. Extracting by manifest.
29 silly tarball no local data for cors@https://registry.npmjs.org/cors/-/cors-2.8.6.tgz. Extracting by manifest.
30 http fetch GET 200 https://registry.npmjs.org/object-assign/-/object-assign-4.1.1.tgz 150ms (cache miss)
31 http fetch GET 200 https://registry.npmjs.org/cors/-/cors-2.8.6.tgz 163ms (cache miss)
32 http fetch POST 200 https://registry.npmjs.org/-/npm/v1/security/advisories/bulk 311ms
33 silly audit report {}
34 silly ADD node_modules/object-assign
35 silly ADD node_modules/cors
36 verbose cwd C:\Users\yokes\Desktop\TransitX\backend
37 verbose os Windows_NT 10.0.26200
38 verbose node v24.12.0
39 verbose npm  v11.6.2
40 verbose exit 0
41 info ok
